#
# There is insufficient memory for the Java Runtime Environment to continue.
# Native memory allocation (malloc) failed to allocate 1294256 bytes for Chunk::new
# Possible reasons:
#   The system is out of physical RAM or swap space
#   The process is running with CompressedOops enabled, and the Java Heap may be blocking the growth of the native heap
# Possible solutions:
#   Reduce memory load on the system
#   Increase physical memory or swap space
#   Check if swap backing store is full
#   Decrease Java heap size (-Xmx/-Xms)
#   Decrease number of Java threads
#   Decrease Java thread stack sizes (-Xss)
#   Set larger code cache with -XX:ReservedCodeCacheSize=
#   JVM is running with Unscaled Compressed Oops mode in which the Java heap is
#     placed in the first 4GB address space. The Java Heap base address is the
#     maximum limit for the native heap growth. Please use -XX:HeapBaseMinAddress
#     to set the Java Heap base and to place the Java Heap above 4GB virtual address.
# This output file may be truncated or incomplete.
#
#  Out of Memory Error (src/hotspot/share/memory/arena.cpp:197), pid=12204, tid=4080
#
# JRE version: OpenJDK Runtime Environment (11.0.15) (build 11.0.15+0-b2043.56-9505619)
# Java VM: OpenJDK 64-Bit Server VM (11.0.15+0-b2043.56-9505619, mixed mode, tiered, compressed oops, g1 gc, windows-amd64)
# No core dump will be written. Minidumps are not enabled by default on client versions of Windows
#

---------------  S U M M A R Y ------------

Command Line: org.jetbrains.kotlin.cli.jvm.K2JVMCompiler @C:\src\AndroidStudioProjects\Android_Tutorial_Kotlin\app\build\20230301_16178365105997817519.compiler.options

Host: Intel(R) Core(TM) i5-8250U CPU @ 1.60GHz, 8 cores, 7G,  Windows 10 , 64 bit Build 19041 (10.0.19041.2546)
Time: Wed Mar  1 01:10:44 2023  Windows 10 , 64 bit Build 19041 (10.0.19041.2546) elapsed time: 3.858337 seconds (0d 0h 0m 3s)

---------------  T H R E A D  ---------------

Current thread (0x00000233d01d4800):  JavaThread "C2 CompilerThread1" daemon [_thread_in_native, id=4080, stack(0x00000078a7600000,0x00000078a7700000)]


Current CompileTask:
C2:   3858 2884       4       jdk.internal.loader.ClassLoaders$AppClassLoader::loadClass (40 bytes)

Stack: [0x00000078a7600000,0x00000078a7700000]
Native frames: (J=compiled Java code, j=interpreted, Vv=VM code, C=native code)
V  [jvm.dll+0x64135a]
V  [jvm.dll+0x7d39f9]
V  [jvm.dll+0x7d51b9]
V  [jvm.dll+0x7d58a3]
V  [jvm.dll+0x2691c5]
V  [jvm.dll+0xc1a5c]
V  [jvm.dll+0xc200c]
V  [jvm.dll+0x2da2c2]
V  [jvm.dll+0x54cad9]
V  [jvm.dll+0x22a011]
V  [jvm.dll+0x223809]
V  [jvm.dll+0x220384]
V  [jvm.dll+0x19e851]
V  [jvm.dll+0x230479]
V  [jvm.dll+0x22e5ef]
V  [jvm.dll+0x794de1]
V  [jvm.dll+0x78dc24]
V  [jvm.dll+0x6400f6]
C  [ucrtbase.dll+0x21bb2]
C  [KERNEL32.DLL+0x17614]
C  [ntdll.dll+0x526a1]


---------------  P R O C E S S  ---------------

Threads class SMR info:
_java_thread_list=0x00000233d2137e80, length=11, elements={
0x00000233b53d1800, 0x00000233cf730000, 0x00000233cf739800, 0x00000233d003a000,
0x00000233d003b800, 0x00000233d003e800, 0x00000233d0043800, 0x00000233d0053800,
0x00000233d0058800, 0x00000233d01b4800, 0x00000233d01d4800
}

Java Threads: ( => current thread )
  0x00000233b53d1800 JavaThread "main" [_thread_in_vm, id=6884, stack(0x00000078a6500000,0x00000078a6600000)]
  0x00000233cf730000 JavaThread "Reference Handler" daemon [_thread_blocked, id=17564, stack(0x00000078a6c00000,0x00000078a6d00000)]
  0x00000233cf739800 JavaThread "Finalizer" daemon [_thread_blocked, id=21100, stack(0x00000078a6d00000,0x00000078a6e00000)]
  0x00000233d003a000 JavaThread "Signal Dispatcher" daemon [_thread_blocked, id=5416, stack(0x00000078a6e00000,0x00000078a6f00000)]
  0x00000233d003b800 JavaThread "Attach Listener" daemon [_thread_blocked, id=8752, stack(0x00000078a6f00000,0x00000078a7000000)]
  0x00000233d003e800 JavaThread "Service Thread" daemon [_thread_blocked, id=17644, stack(0x00000078a7000000,0x00000078a7100000)]
  0x00000233d0043800 JavaThread "C2 CompilerThread0" daemon [_thread_in_native, id=18908, stack(0x00000078a7100000,0x00000078a7200000)]
  0x00000233d0053800 JavaThread "C1 CompilerThread0" daemon [_thread_blocked, id=3628, stack(0x00000078a7200000,0x00000078a7300000)]
  0x00000233d0058800 JavaThread "Sweeper thread" daemon [_thread_blocked, id=23364, stack(0x00000078a7300000,0x00000078a7400000)]
  0x00000233d01b4800 JavaThread "Common-Cleaner" daemon [_thread_blocked, id=18528, stack(0x00000078a7500000,0x00000078a7600000)]
=>0x00000233d01d4800 JavaThread "C2 CompilerThread1" daemon [_thread_in_native, id=4080, stack(0x00000078a7600000,0x00000078a7700000)]

Other Threads:
  0x00000233cf72b000 VMThread "VM Thread" [stack: 0x00000078a6b00000,0x00000078a6c00000] [id=13240]
  0x00000233d01aa000 WatcherThread [stack: 0x00000078a7400000,0x00000078a7500000] [id=20704]
  0x00000233b53e9800 GCTaskThread "GC Thread#0" [stack: 0x00000078a6600000,0x00000078a6700000] [id=8732]
  0x00000233d07dd800 GCTaskThread "GC Thread#1" [stack: 0x00000078a7800000,0x00000078a7900000] [id=16300]
  0x00000233d0631000 GCTaskThread "GC Thread#2" [stack: 0x00000078a7900000,0x00000078a7a00000] [id=10044]
  0x00000233b541a800 ConcurrentGCThread "G1 Main Marker" [stack: 0x00000078a6700000,0x00000078a6800000] [id=13608]
  0x00000233b541c000 ConcurrentGCThread "G1 Conc#0" [stack: 0x00000078a6800000,0x00000078a6900000] [id=7304]
  0x00000233d06e9800 ConcurrentGCThread "G1 Conc#1" [stack: 0x00000078a7a00000,0x00000078a7b00000] [id=17960]
  0x00000233cf572800 ConcurrentGCThread "G1 Refine#0" [stack: 0x00000078a6900000,0x00000078a6a00000] [id=21352]
  0x00000233cf573000 ConcurrentGCThread "G1 Young RemSet Sampling" [stack: 0x00000078a6a00000,0x00000078a6b00000] [id=19936]

Threads with active compile tasks:
C2 CompilerThread0     3896 2825       4       java.lang.ClassLoader::loadClass (7 bytes)
C2 CompilerThread1     3897 2884       4       jdk.internal.loader.ClassLoaders$AppClassLoader::loadClass (40 bytes)

VM state:not at safepoint (normal execution)

VM Mutex/Monitor currently owned by a thread: None

Heap address: 0x0000000082400000, size: 2012 MB, Compressed Oops mode: 32-bit
Narrow klass base: 0x0000000000000000, Narrow klass shift: 3
Compressed class space size: 1073741824 Address: 0x0000000100000000

Heap:
 garbage-first heap   total 129024K, used 28674K [0x0000000082400000, 0x0000000100000000)
  region size 1024K, 9 young (9216K), 6 survivors (6144K)
 Metaspace       used 45196K, capacity 45704K, committed 45820K, reserved 1089536K
  class space    used 5359K, capacity 5564K, committed 5680K, reserved 1048576K
Heap Regions: E=young(eden), S=young(survivor), O=old, HS=humongous(starts), HC=humongous(continues), CS=collection set, F=free, A=archive, TAMS=top-at-mark-start (previous, next)
|   0|0x0000000082400000, 0x0000000082500000, 0x0000000082500000|100%|HS|  |TAMS 0x0000000082500000, 0x0000000082400000| Complete 
|   1|0x0000000082500000, 0x0000000082600000, 0x0000000082600000|100%|HC|  |TAMS 0x0000000082600000, 0x0000000082500000| Complete 
|   2|0x0000000082600000, 0x0000000082700000, 0x0000000082700000|100%|HC|  |TAMS 0x0000000082700000, 0x0000000082600000| Complete 
|   3|0x0000000082700000, 0x0000000082800000, 0x0000000082800000|100%|HC|  |TAMS 0x0000000082800000, 0x0000000082700000| Complete 
|   4|0x0000000082800000, 0x0000000082900000, 0x0000000082900000|100%|HS|  |TAMS 0x0000000082900000, 0x0000000082800000| Complete 
|   5|0x0000000082900000, 0x0000000082a00000, 0x0000000082a00000|100%|HC|  |TAMS 0x0000000082a00000, 0x0000000082900000| Complete 
|   6|0x0000000082a00000, 0x0000000082b00000, 0x0000000082b00000|100%|HC|  |TAMS 0x0000000082b00000, 0x0000000082a00000| Complete 
|   7|0x0000000082b00000, 0x0000000082c00000, 0x0000000082c00000|100%|HC|  |TAMS 0x0000000082c00000, 0x0000000082b00000| Complete 
|   8|0x0000000082c00000, 0x0000000082c00000, 0x0000000082d00000|  0%| F|  |TAMS 0x0000000082c00000, 0x0000000082c00000| Untracked 
|   9|0x0000000082d00000, 0x0000000082d00000, 0x0000000082e00000|  0%| F|  |TAMS 0x0000000082d00000, 0x0000000082d00000| Untracked 
|  10|0x0000000082e00000, 0x0000000082f00000, 0x0000000082f00000|100%| O|  |TAMS 0x0000000082f00000, 0x0000000082e00000| Untracked 
|  11|0x0000000082f00000, 0x0000000083000000, 0x0000000083000000|100%| O|  |TAMS 0x0000000083000000, 0x0000000082f00000| Untracked 
|  12|0x0000000083000000, 0x0000000083100000, 0x0000000083100000|100%| O|  |TAMS 0x0000000083100000, 0x0000000083000000| Untracked 
|  13|0x0000000083100000, 0x0000000083200000, 0x0000000083200000|100%| O|  |TAMS 0x0000000083200000, 0x0000000083100000| Untracked 
|  14|0x0000000083200000, 0x0000000083300000, 0x0000000083300000|100%| O|  |TAMS 0x0000000083300000, 0x0000000083200000| Untracked 
|  15|0x0000000083300000, 0x0000000083400000, 0x0000000083400000|100%| O|  |TAMS 0x0000000083400000, 0x0000000083300000| Untracked 
|  16|0x0000000083400000, 0x0000000083500000, 0x0000000083500000|100%| O|  |TAMS 0x0000000083500000, 0x0000000083400000| Untracked 
|  17|0x0000000083500000, 0x0000000083600000, 0x0000000083600000|100%| O|  |TAMS 0x0000000083600000, 0x0000000083500000| Untracked 
|  18|0x0000000083600000, 0x0000000083700000, 0x0000000083700000|100%| O|  |TAMS 0x0000000083700000, 0x0000000083600000| Untracked 
|  19|0x0000000083700000, 0x0000000083800000, 0x0000000083800000|100%| O|  |TAMS 0x0000000083800000, 0x0000000083700000| Untracked 
|  20|0x0000000083800000, 0x0000000083900000, 0x0000000083900000|100%| O|  |TAMS 0x0000000083900000, 0x0000000083800000| Untracked 
|  21|0x0000000083900000, 0x0000000083a00000, 0x0000000083a00000|100%| O|  |TAMS 0x0000000083a00000, 0x0000000083900000| Untracked 
|  22|0x0000000083a00000, 0x0000000083a65000, 0x0000000083b00000| 39%| O|  |TAMS 0x0000000083a65000, 0x0000000083a00000| Untracked 
|  23|0x0000000083b00000, 0x0000000083b00000, 0x0000000083c00000|  0%| F|  |TAMS 0x0000000083b00000, 0x0000000083b00000| Untracked 
|  24|0x0000000083c00000, 0x0000000083c00000, 0x0000000083d00000|  0%| F|  |TAMS 0x0000000083c00000, 0x0000000083c00000| Untracked 
|  25|0x0000000083d00000, 0x0000000083d00000, 0x0000000083e00000|  0%| F|  |TAMS 0x0000000083d00000, 0x0000000083d00000| Untracked 
|  26|0x0000000083e00000, 0x0000000083e00000, 0x0000000083f00000|  0%| F|  |TAMS 0x0000000083e00000, 0x0000000083e00000| Untracked 
|  27|0x0000000083f00000, 0x0000000083f00000, 0x0000000084000000|  0%| F|  |TAMS 0x0000000083f00000, 0x0000000083f00000| Untracked 
|  28|0x0000000084000000, 0x0000000084000000, 0x0000000084100000|  0%| F|  |TAMS 0x0000000084000000, 0x0000000084000000| Untracked 
|  29|0x0000000084100000, 0x0000000084100000, 0x0000000084200000|  0%| F|  |TAMS 0x0000000084100000, 0x0000000084100000| Untracked 
|  30|0x0000000084200000, 0x0000000084200000, 0x0000000084300000|  0%| F|  |TAMS 0x0000000084200000, 0x0000000084200000| Untracked 
|  31|0x0000000084300000, 0x0000000084300000, 0x0000000084400000|  0%| F|  |TAMS 0x0000000084300000, 0x0000000084300000| Untracked 
|  32|0x0000000084400000, 0x0000000084400000, 0x0000000084500000|  0%| F|  |TAMS 0x0000000084400000, 0x0000000084400000| Untracked 
|  33|0x0000000084500000, 0x0000000084500000, 0x0000000084600000|  0%| F|  |TAMS 0x0000000084500000, 0x0000000084500000| Untracked 
|  34|0x0000000084600000, 0x0000000084600000, 0x0000000084700000|  0%| F|  |TAMS 0x0000000084600000, 0x0000000084600000| Untracked 
|  35|0x0000000084700000, 0x0000000084700000, 0x0000000084800000|  0%| F|  |TAMS 0x0000000084700000, 0x0000000084700000| Untracked 
|  36|0x0000000084800000, 0x0000000084800000, 0x0000000084900000|  0%| F|  |TAMS 0x0000000084800000, 0x0000000084800000| Untracked 
|  37|0x0000000084900000, 0x0000000084900000, 0x0000000084a00000|  0%| F|  |TAMS 0x0000000084900000, 0x0000000084900000| Untracked 
|  38|0x0000000084a00000, 0x0000000084a00000, 0x0000000084b00000|  0%| F|  |TAMS 0x0000000084a00000, 0x0000000084a00000| Untracked 
|  39|0x0000000084b00000, 0x0000000084b00000, 0x0000000084c00000|  0%| F|  |TAMS 0x0000000084b00000, 0x0000000084b00000| Untracked 
|  40|0x0000000084c00000, 0x0000000084c00000, 0x0000000084d00000|  0%| F|  |TAMS 0x0000000084c00000, 0x0000000084c00000| Untracked 
|  41|0x0000000084d00000, 0x0000000084d00000, 0x0000000084e00000|  0%| F|  |TAMS 0x0000000084d00000, 0x0000000084d00000| Untracked 
|  42|0x0000000084e00000, 0x0000000084e00000, 0x0000000084f00000|  0%| F|  |TAMS 0x0000000084e00000, 0x0000000084e00000| Untracked 
|  43|0x0000000084f00000, 0x0000000084f00000, 0x0000000085000000|  0%| F|  |TAMS 0x0000000084f00000, 0x0000000084f00000| Untracked 
|  44|0x0000000085000000, 0x0000000085000000, 0x0000000085100000|  0%| F|  |TAMS 0x0000000085000000, 0x0000000085000000| Untracked 
|  45|0x0000000085100000, 0x0000000085100000, 0x0000000085200000|  0%| F|  |TAMS 0x0000000085100000, 0x0000000085100000| Untracked 
|  46|0x0000000085200000, 0x0000000085200000, 0x0000000085300000|  0%| F|  |TAMS 0x0000000085200000, 0x0000000085200000| Untracked 
|  47|0x0000000085300000, 0x0000000085300000, 0x0000000085400000|  0%| F|  |TAMS 0x0000000085300000, 0x0000000085300000| Untracked 
|  48|0x0000000085400000, 0x0000000085400000, 0x0000000085500000|  0%| F|  |TAMS 0x0000000085400000, 0x0000000085400000| Untracked 
|  49|0x0000000085500000, 0x0000000085500000, 0x0000000085600000|  0%| F|  |TAMS 0x0000000085500000, 0x0000000085500000| Untracked 
|  50|0x0000000085600000, 0x0000000085600000, 0x0000000085700000|  0%| F|  |TAMS 0x0000000085600000, 0x0000000085600000| Untracked 
|  51|0x0000000085700000, 0x0000000085700000, 0x0000000085800000|  0%| F|  |TAMS 0x0000000085700000, 0x0000000085700000| Untracked 
|  52|0x0000000085800000, 0x0000000085800000, 0x0000000085900000|  0%| F|  |TAMS 0x0000000085800000, 0x0000000085800000| Untracked 
|  53|0x0000000085900000, 0x0000000085900000, 0x0000000085a00000|  0%| F|  |TAMS 0x0000000085900000, 0x0000000085900000| Untracked 
|  54|0x0000000085a00000, 0x0000000085a00000, 0x0000000085b00000|  0%| F|  |TAMS 0x0000000085a00000, 0x0000000085a00000| Untracked 
|  55|0x0000000085b00000, 0x0000000085b00000, 0x0000000085c00000|  0%| F|  |TAMS 0x0000000085b00000, 0x0000000085b00000| Untracked 
|  56|0x0000000085c00000, 0x0000000085c00000, 0x0000000085d00000|  0%| F|  |TAMS 0x0000000085c00000, 0x0000000085c00000| Untracked 
|  57|0x0000000085d00000, 0x0000000085d00000, 0x0000000085e00000|  0%| F|  |TAMS 0x0000000085d00000, 0x0000000085d00000| Untracked 
|  58|0x0000000085e00000, 0x0000000085e00000, 0x0000000085f00000|  0%| F|  |TAMS 0x0000000085e00000, 0x0000000085e00000| Untracked 
|  59|0x0000000085f00000, 0x0000000085f00000, 0x0000000086000000|  0%| F|  |TAMS 0x0000000085f00000, 0x0000000085f00000| Untracked 
|  60|0x0000000086000000, 0x0000000086000000, 0x0000000086100000|  0%| F|  |TAMS 0x0000000086000000, 0x0000000086000000| Untracked 
|  61|0x0000000086100000, 0x0000000086100000, 0x0000000086200000|  0%| F|  |TAMS 0x0000000086100000, 0x0000000086100000| Untracked 
|  62|0x0000000086200000, 0x0000000086200000, 0x0000000086300000|  0%| F|  |TAMS 0x0000000086200000, 0x0000000086200000| Untracked 
|  63|0x0000000086300000, 0x0000000086300000, 0x0000000086400000|  0%| F|  |TAMS 0x0000000086300000, 0x0000000086300000| Untracked 
|  64|0x0000000086400000, 0x0000000086400000, 0x0000000086500000|  0%| F|  |TAMS 0x0000000086400000, 0x0000000086400000| Untracked 
|  65|0x0000000086500000, 0x0000000086500000, 0x0000000086600000|  0%| F|  |TAMS 0x0000000086500000, 0x0000000086500000| Untracked 
|  66|0x0000000086600000, 0x0000000086600000, 0x0000000086700000|  0%| F|  |TAMS 0x0000000086600000, 0x0000000086600000| Untracked 
|  67|0x0000000086700000, 0x0000000086700000, 0x0000000086800000|  0%| F|  |TAMS 0x0000000086700000, 0x0000000086700000| Untracked 
|  68|0x0000000086800000, 0x0000000086800000, 0x0000000086900000|  0%| F|  |TAMS 0x0000000086800000, 0x0000000086800000| Untracked 
|  69|0x0000000086900000, 0x0000000086900000, 0x0000000086a00000|  0%| F|  |TAMS 0x0000000086900000, 0x0000000086900000| Untracked 
|  70|0x0000000086a00000, 0x0000000086a00000, 0x0000000086b00000|  0%| F|  |TAMS 0x0000000086a00000, 0x0000000086a00000| Untracked 
|  71|0x0000000086b00000, 0x0000000086b00000, 0x0000000086c00000|  0%| F|  |TAMS 0x0000000086b00000, 0x0000000086b00000| Untracked 
|  72|0x0000000086c00000, 0x0000000086c00000, 0x0000000086d00000|  0%| F|  |TAMS 0x0000000086c00000, 0x0000000086c00000| Untracked 
|  73|0x0000000086d00000, 0x0000000086d00000, 0x0000000086e00000|  0%| F|  |TAMS 0x0000000086d00000, 0x0000000086d00000| Untracked 
|  74|0x0000000086e00000, 0x0000000086e00000, 0x0000000086f00000|  0%| F|  |TAMS 0x0000000086e00000, 0x0000000086e00000| Untracked 
|  75|0x0000000086f00000, 0x0000000086f9bbc8, 0x0000000087000000| 60%| S|CS|TAMS 0x0000000086f00000, 0x0000000086f00000| Complete 
|  76|0x0000000087000000, 0x0000000087100000, 0x0000000087100000|100%| S|CS|TAMS 0x0000000087000000, 0x0000000087000000| Complete 
|  77|0x0000000087100000, 0x0000000087200000, 0x0000000087200000|100%| S|CS|TAMS 0x0000000087100000, 0x0000000087100000| Complete 
|  78|0x0000000087200000, 0x0000000087300000, 0x0000000087300000|100%| S|CS|TAMS 0x0000000087200000, 0x0000000087200000| Complete 
|  79|0x0000000087300000, 0x0000000087400000, 0x0000000087400000|100%| S|CS|TAMS 0x0000000087300000, 0x0000000087300000| Complete 
|  80|0x0000000087400000, 0x0000000087500000, 0x0000000087500000|100%| S|CS|TAMS 0x0000000087400000, 0x0000000087400000| Complete 
|  81|0x0000000087500000, 0x0000000087500000, 0x0000000087600000|  0%| F|  |TAMS 0x0000000087500000, 0x0000000087500000| Untracked 
|  82|0x0000000087600000, 0x0000000087600000, 0x0000000087700000|  0%| F|  |TAMS 0x0000000087600000, 0x0000000087600000| Untracked 
|  83|0x0000000087700000, 0x0000000087700000, 0x0000000087800000|  0%| F|  |TAMS 0x0000000087700000, 0x0000000087700000| Untracked 
|  84|0x0000000087800000, 0x0000000087800000, 0x0000000087900000|  0%| F|  |TAMS 0x0000000087800000, 0x0000000087800000| Untracked 
|  85|0x0000000087900000, 0x0000000087900000, 0x0000000087a00000|  0%| F|  |TAMS 0x0000000087900000, 0x0000000087900000| Untracked 
|  86|0x0000000087a00000, 0x0000000087a00000, 0x0000000087b00000|  0%| F|  |TAMS 0x0000000087a00000, 0x0000000087a00000| Untracked 
|  87|0x0000000087b00000, 0x0000000087b00000, 0x0000000087c00000|  0%| F|  |TAMS 0x0000000087b00000, 0x0000000087b00000| Untracked 
|  88|0x0000000087c00000, 0x0000000087c00000, 0x0000000087d00000|  0%| F|  |TAMS 0x0000000087c00000, 0x0000000087c00000| Untracked 
|  89|0x0000000087d00000, 0x0000000087d00000, 0x0000000087e00000|  0%| F|  |TAMS 0x0000000087d00000, 0x0000000087d00000| Untracked 
|  90|0x0000000087e00000, 0x0000000087e00000, 0x0000000087f00000|  0%| F|  |TAMS 0x0000000087e00000, 0x0000000087e00000| Untracked 
|  91|0x0000000087f00000, 0x0000000087f00000, 0x0000000088000000|  0%| F|  |TAMS 0x0000000087f00000, 0x0000000087f00000| Untracked 
|  92|0x0000000088000000, 0x0000000088000000, 0x0000000088100000|  0%| F|  |TAMS 0x0000000088000000, 0x0000000088000000| Untracked 
|  93|0x0000000088100000, 0x0000000088100000, 0x0000000088200000|  0%| F|  |TAMS 0x0000000088100000, 0x0000000088100000| Untracked 
|  94|0x0000000088200000, 0x0000000088200000, 0x0000000088300000|  0%| F|  |TAMS 0x0000000088200000, 0x0000000088200000| Untracked 
|  95|0x0000000088300000, 0x0000000088300000, 0x0000000088400000|  0%| F|  |TAMS 0x0000000088300000, 0x0000000088300000| Untracked 
|  96|0x0000000088400000, 0x0000000088400000, 0x0000000088500000|  0%| F|  |TAMS 0x0000000088400000, 0x0000000088400000| Untracked 
|  97|0x0000000088500000, 0x0000000088500000, 0x0000000088600000|  0%| F|  |TAMS 0x0000000088500000, 0x0000000088500000| Untracked 
|  98|0x0000000088600000, 0x0000000088600000, 0x0000000088700000|  0%| F|  |TAMS 0x0000000088600000, 0x0000000088600000| Untracked 
|  99|0x0000000088700000, 0x0000000088700000, 0x0000000088800000|  0%| F|  |TAMS 0x0000000088700000, 0x0000000088700000| Untracked 
| 100|0x0000000088800000, 0x0000000088800000, 0x0000000088900000|  0%| F|  |TAMS 0x0000000088800000, 0x0000000088800000| Untracked 
| 101|0x0000000088900000, 0x0000000088900000, 0x0000000088a00000|  0%| F|  |TAMS 0x0000000088900000, 0x0000000088900000| Untracked 
| 102|0x0000000088a00000, 0x0000000088a00000, 0x0000000088b00000|  0%| F|  |TAMS 0x0000000088a00000, 0x0000000088a00000| Untracked 
| 103|0x0000000088b00000, 0x0000000088b00000, 0x0000000088c00000|  0%| F|  |TAMS 0x0000000088b00000, 0x0000000088b00000| Untracked 
| 104|0x0000000088c00000, 0x0000000088c00000, 0x0000000088d00000|  0%| F|  |TAMS 0x0000000088c00000, 0x0000000088c00000| Untracked 
| 105|0x0000000088d00000, 0x0000000088d00000, 0x0000000088e00000|  0%| F|  |TAMS 0x0000000088d00000, 0x0000000088d00000| Untracked 
| 106|0x0000000088e00000, 0x0000000088e00000, 0x0000000088f00000|  0%| F|  |TAMS 0x0000000088e00000, 0x0000000088e00000| Untracked 
| 107|0x0000000088f00000, 0x0000000088f00000, 0x0000000089000000|  0%| F|  |TAMS 0x0000000088f00000, 0x0000000088f00000| Untracked 
| 108|0x0000000089000000, 0x0000000089000000, 0x0000000089100000|  0%| F|  |TAMS 0x0000000089000000, 0x0000000089000000| Untracked 
| 109|0x0000000089100000, 0x0000000089100000, 0x0000000089200000|  0%| F|  |TAMS 0x0000000089100000, 0x0000000089100000| Untracked 
| 110|0x0000000089200000, 0x0000000089200000, 0x0000000089300000|  0%| F|  |TAMS 0x0000000089200000, 0x0000000089200000| Untracked 
| 111|0x0000000089300000, 0x0000000089300000, 0x0000000089400000|  0%| F|  |TAMS 0x0000000089300000, 0x0000000089300000| Untracked 
| 112|0x0000000089400000, 0x0000000089400000, 0x0000000089500000|  0%| F|  |TAMS 0x0000000089400000, 0x0000000089400000| Untracked 
| 113|0x0000000089500000, 0x0000000089500000, 0x0000000089600000|  0%| F|  |TAMS 0x0000000089500000, 0x0000000089500000| Untracked 
| 114|0x0000000089600000, 0x0000000089600000, 0x0000000089700000|  0%| F|  |TAMS 0x0000000089600000, 0x0000000089600000| Untracked 
| 115|0x0000000089700000, 0x0000000089700000, 0x0000000089800000|  0%| F|  |TAMS 0x0000000089700000, 0x0000000089700000| Untracked 
| 116|0x0000000089800000, 0x0000000089800000, 0x0000000089900000|  0%| F|  |TAMS 0x0000000089800000, 0x0000000089800000| Untracked 
| 117|0x0000000089900000, 0x0000000089900000, 0x0000000089a00000|  0%| F|  |TAMS 0x0000000089900000, 0x0000000089900000| Untracked 
| 118|0x0000000089a00000, 0x0000000089a00000, 0x0000000089b00000|  0%| F|  |TAMS 0x0000000089a00000, 0x0000000089a00000| Untracked 
| 119|0x0000000089b00000, 0x0000000089b00000, 0x0000000089c00000|  0%| F|  |TAMS 0x0000000089b00000, 0x0000000089b00000| Untracked 
| 120|0x0000000089c00000, 0x0000000089c00000, 0x0000000089d00000|  0%| F|  |TAMS 0x0000000089c00000, 0x0000000089c00000| Untracked 
| 121|0x0000000089d00000, 0x0000000089d00000, 0x0000000089e00000|  0%| F|  |TAMS 0x0000000089d00000, 0x0000000089d00000| Untracked 
| 122|0x0000000089e00000, 0x0000000089e80c10, 0x0000000089f00000| 50%| E|  |TAMS 0x0000000089e00000, 0x0000000089e00000| Complete 
| 123|0x0000000089f00000, 0x000000008a000000, 0x000000008a000000|100%| E|CS|TAMS 0x0000000089f00000, 0x0000000089f00000| Complete 
| 124|0x000000008a000000, 0x000000008a100000, 0x000000008a100000|100%| E|CS|TAMS 0x000000008a000000, 0x000000008a000000| Complete 
| 125|0x000000008a100000, 0x000000008a200000, 0x000000008a200000|100%| E|CS|TAMS 0x000000008a100000, 0x000000008a100000| Complete 

Card table byte_map: [0x00000233c8620000,0x00000233c8a10000] _byte_map_base: 0x00000233c820e000

Marking Bits (Prev, Next): (CMBitMap*) 0x00000233b5411fe8, (CMBitMap*) 0x00000233b5412020
 Prev Bits: [0x00000233c8e00000, 0x00000233cad70000)
 Next Bits: [0x00000233cad70000, 0x00000233ccce0000)

Polling page: 0x00000233b3390000

Metaspace:

Usage:
  Non-class:     39.32 MB capacity,    39.04 MB (>99%) used,   231.12 KB ( <1%) free+waste,    64.81 KB ( <1%) overhead. 
      Class:      5.43 MB capacity,     5.25 MB ( 97%) used,   160.99 KB (  3%) free+waste,    28.56 KB ( <1%) overhead. 
       Both:     44.76 MB capacity,    44.28 MB ( 99%) used,   392.12 KB ( <1%) free+waste,    93.38 KB ( <1%) overhead. 

Virtual space:
  Non-class space:       40.00 MB reserved,      39.45 MB ( 99%) committed 
      Class space:        1.00 GB reserved,       5.55 MB ( <1%) committed 
             Both:        1.04 GB reserved,      45.00 MB (  4%) committed 

Chunk freelists:
   Non-Class:  0 bytes
       Class:  4.00 KB
        Both:  4.00 KB

MaxMetaspaceSize: 17179869184.00 GB
CompressedClassSpaceSize: 1.00 GB
Initial GC threshold: 20.80 MB
Current GC threshold: 58.54 MB
CDS: off

CodeHeap 'non-profiled nmethods': size=120000Kb used=1335Kb max_used=1335Kb free=118665Kb
 bounds [0x00000233c09d0000, 0x00000233c0c40000, 0x00000233c7f00000]
CodeHeap 'profiled nmethods': size=120000Kb used=5562Kb max_used=5562Kb free=114437Kb
 bounds [0x00000233b94a0000, 0x00000233b9a10000, 0x00000233c09d0000]
CodeHeap 'non-nmethods': size=5760Kb used=1265Kb max_used=1298Kb free=4494Kb
 bounds [0x00000233b8f00000, 0x00000233b9170000, 0x00000233b94a0000]
 total_blobs=3468 nmethods=2913 adapters=467
 compilation: enabled
              stopped_count=0, restarted_count=0
 full_count=0

Compilation events (20 events):
Event: 3.713 Thread 0x00000233d0053800 2893       3       java.lang.invoke.TypeConvertingMethodAdapter::convertType (299 bytes)
Event: 3.721 Thread 0x00000233d0053800 nmethod 2893 0x00000233b99f5710 code [0x00000233b99f6020, 0x00000233b99fad08]
Event: 3.745 Thread 0x00000233d0053800 2894   !   3       java.lang.invoke.MethodHandleNatives::linkMethodHandleConstant (50 bytes)
Event: 3.745 Thread 0x00000233d0053800 nmethod 2894 0x00000233b99fc910 code [0x00000233b99fcae0, 0x00000233b99fccc8]
Event: 3.745 Thread 0x00000233d0053800 2895       3       java.lang.invoke.MethodHandles$Lookup::linkMethodHandleConstant (220 bytes)
Event: 3.747 Thread 0x00000233d0053800 nmethod 2895 0x00000233b99fce90 code [0x00000233b99fd280, 0x00000233b99fee18]
Event: 3.747 Thread 0x00000233d0053800 2899       3       java.lang.invoke.InvokerBytecodeGenerator::isStaticallyNameable (148 bytes)
Event: 3.750 Thread 0x00000233d0053800 nmethod 2899 0x00000233b99ff690 code [0x00000233b99ffba0, 0x00000233b9a02338]
Event: 3.757 Thread 0x00000233d0053800 2900       3       kotlin.reflect.jvm.internal.KCallableImpl::<init> (109 bytes)
Event: 3.759 Thread 0x00000233d0053800 nmethod 2900 0x00000233b9a02e90 code [0x00000233b9a031c0, 0x00000233b9a042d8]
Event: 3.767 Thread 0x00000233d0053800 2901       3       org.jetbrains.kotlin.com.intellij.psi.impl.source.tree.TreeElement::getTreeNext (5 bytes)
Event: 3.768 Thread 0x00000233d0053800 nmethod 2901 0x00000233b9a04810 code [0x00000233b9a049c0, 0x00000233b9a04ad8]
Event: 3.787 Thread 0x00000233d0053800 2902       3       kotlin.reflect.jvm.internal.pcollections.IntTree::plus (111 bytes)
Event: 3.787 Thread 0x00000233d0053800 nmethod 2902 0x00000233b9a04b90 code [0x00000233b9a04dc0, 0x00000233b9a05458]
Event: 3.833 Thread 0x00000233d0053800 2903       3       org.jetbrains.kotlin.com.intellij.util.containers.ConcurrentIntObjectHashMap$Node::<init> (26 bytes)
Event: 3.834 Thread 0x00000233d0053800 nmethod 2903 0x00000233b9a05690 code [0x00000233b9a05840, 0x00000233b9a05a78]
Event: 3.841 Thread 0x00000233d0053800 2904       1       org.jetbrains.kotlin.com.intellij.psi.impl.source.SubstrateRef::getStub (2 bytes)
Event: 3.842 Thread 0x00000233d0053800 nmethod 2904 0x00000233c0b1d010 code [0x00000233c0b1d1c0, 0x00000233c0b1d278]
Event: 3.850 Thread 0x00000233d0053800 2905       1       org.jetbrains.kotlin.resolve.ImportPath::isAllUnder (5 bytes)
Event: 3.850 Thread 0x00000233d0053800 nmethod 2905 0x00000233c0b1d310 code [0x00000233c0b1d4c0, 0x00000233c0b1d578]

GC Heap History (10 events):
Event: 0.650 GC heap before
{Heap before GC invocations=0 (full 0):
 garbage-first heap   total 129024K, used 28672K [0x0000000082400000, 0x0000000100000000)
  region size 1024K, 24 young (24576K), 0 survivors (0K)
 Metaspace       used 11782K, capacity 11890K, committed 12160K, reserved 1060864K
  class space    used 1076K, capacity 1109K, committed 1152K, reserved 1048576K
}
Event: 0.653 GC heap after
{Heap after GC invocations=1 (full 0):
 garbage-first heap   total 129024K, used 6781K [0x0000000082400000, 0x0000000100000000)
  region size 1024K, 3 young (3072K), 3 survivors (3072K)
 Metaspace       used 11782K, capacity 11890K, committed 12160K, reserved 1060864K
  class space    used 1076K, capacity 1109K, committed 1152K, reserved 1048576K
}
Event: 1.416 GC heap before
{Heap before GC invocations=1 (full 0):
 garbage-first heap   total 129024K, used 44669K [0x0000000082400000, 0x0000000100000000)
  region size 1024K, 41 young (41984K), 3 survivors (3072K)
 Metaspace       used 20996K, capacity 21199K, committed 21296K, reserved 1069056K
  class space    used 2228K, capacity 2308K, committed 2352K, reserved 1048576K
}
Event: 1.429 GC heap after
{Heap after GC invocations=2 (full 0):
 garbage-first heap   total 129024K, used 10554K [0x0000000082400000, 0x0000000100000000)
  region size 1024K, 7 young (7168K), 7 survivors (7168K)
 Metaspace       used 20996K, capacity 21199K, committed 21296K, reserved 1069056K
  class space    used 2228K, capacity 2308K, committed 2352K, reserved 1048576K
}
Event: 2.649 GC heap before
{Heap before GC invocations=3 (full 0):
 garbage-first heap   total 129024K, used 68922K [0x0000000082400000, 0x0000000100000000)
  region size 1024K, 58 young (59392K), 7 survivors (7168K)
 Metaspace       used 33406K, capacity 33858K, committed 34096K, reserved 1079296K
  class space    used 4141K, capacity 4305K, committed 4400K, reserved 1048576K
}
Event: 2.674 GC heap after
{Heap after GC invocations=4 (full 0):
 garbage-first heap   total 129024K, used 22873K [0x0000000082400000, 0x0000000100000000)
  region size 1024K, 8 young (8192K), 8 survivors (8192K)
 Metaspace       used 33406K, capacity 33858K, committed 34096K, reserved 1079296K
  class space    used 4141K, capacity 4305K, committed 4400K, reserved 1048576K
}
Event: 2.873 GC heap before
{Heap before GC invocations=4 (full 0):
 garbage-first heap   total 129024K, used 33113K [0x0000000082400000, 0x0000000100000000)
  region size 1024K, 19 young (19456K), 8 survivors (8192K)
 Metaspace       used 35285K, capacity 35661K, committed 35708K, reserved 1081344K
  class space    used 4334K, capacity 4501K, committed 4528K, reserved 1048576K
}
Event: 2.888 GC heap after
{Heap after GC invocations=5 (full 0):
 garbage-first heap   total 129024K, used 25931K [0x0000000082400000, 0x0000000100000000)
  region size 1024K, 3 young (3072K), 3 survivors (3072K)
 Metaspace       used 35285K, capacity 35661K, committed 35708K, reserved 1081344K
  class space    used 4334K, capacity 4501K, committed 4528K, reserved 1048576K
}
Event: 3.789 GC heap before
{Heap before GC invocations=6 (full 0):
 garbage-first heap   total 129024K, used 68939K [0x0000000082400000, 0x0000000100000000)
  region size 1024K, 45 young (46080K), 3 survivors (3072K)
 Metaspace       used 44419K, capacity 44861K, committed 45180K, reserved 1089536K
  class space    used 5241K, capacity 5432K, committed 5552K, reserved 1048576K
}
Event: 3.801 GC heap after
{Heap after GC invocations=7 (full 0):
 garbage-first heap   total 129024K, used 26626K [0x0000000082400000, 0x0000000100000000)
  region size 1024K, 6 young (6144K), 6 survivors (6144K)
 Metaspace       used 44419K, capacity 44861K, committed 45180K, reserved 1089536K
  class space    used 5241K, capacity 5432K, committed 5552K, reserved 1048576K
}

Deoptimization events (20 events):
Event: 3.479 Thread 0x00000233b53d1800 Uncommon trap: trap_request=0xffffff4d fr.pc=0x00000233c09f7de8 relative=0x0000000000000c48
Event: 3.480 Thread 0x00000233b53d1800 Uncommon trap: reason=unstable_if action=reinterpret pc=0x00000233c09f7de8 method=java.lang.StringCoding.encodeUTF8(B[BZ)[B @ 2 c2
Event: 3.480 Thread 0x00000233b53d1800 DEOPT PACKING pc=0x00000233c09f7de8 sp=0x00000078a65f5bf0
Event: 3.480 Thread 0x00000233b53d1800 DEOPT UNPACKING pc=0x00000233b8f4a1af sp=0x00000078a65f59e0 mode 2
Event: 3.480 Thread 0x00000233b53d1800 Uncommon trap: trap_request=0xffffff4d fr.pc=0x00000233c0a6d9b4 relative=0x0000000000000334
Event: 3.480 Thread 0x00000233b53d1800 Uncommon trap: reason=unstable_if action=reinterpret pc=0x00000233c0a6d9b4 method=sun.net.www.ParseUtil.firstEncodeIndex(Ljava/lang/String;)I @ 27 c2
Event: 3.480 Thread 0x00000233b53d1800 DEOPT PACKING pc=0x00000233c0a6d9b4 sp=0x00000078a65f5d30
Event: 3.480 Thread 0x00000233b53d1800 DEOPT UNPACKING pc=0x00000233b8f4a1af sp=0x00000078a65f5b98 mode 2
Event: 3.480 Thread 0x00000233b53d1800 Uncommon trap: trap_request=0xffffff4d fr.pc=0x00000233c0a9d6b8 relative=0x0000000000000198
Event: 3.480 Thread 0x00000233b53d1800 Uncommon trap: reason=unstable_if action=reinterpret pc=0x00000233c0a9d6b8 method=java.lang.String.indexOf(II)I @ 4 c2
Event: 3.480 Thread 0x00000233b53d1800 DEOPT PACKING pc=0x00000233c0a9d6b8 sp=0x00000078a65f5a00
Event: 3.480 Thread 0x00000233b53d1800 DEOPT UNPACKING pc=0x00000233b8f4a1af sp=0x00000078a65f59b0 mode 2
Event: 3.480 Thread 0x00000233b53d1800 Uncommon trap: trap_request=0xffffff4d fr.pc=0x00000233c0a978b4 relative=0x0000000000000194
Event: 3.480 Thread 0x00000233b53d1800 Uncommon trap: reason=unstable_if action=reinterpret pc=0x00000233c0a978b4 method=java.lang.String.startsWith(Ljava/lang/String;I)Z @ 46 c2
Event: 3.480 Thread 0x00000233b53d1800 DEOPT PACKING pc=0x00000233c0a978b4 sp=0x00000078a65f5b00
Event: 3.480 Thread 0x00000233b53d1800 DEOPT UNPACKING pc=0x00000233b8f4a1af sp=0x00000078a65f5a68 mode 2
Event: 3.480 Thread 0x00000233b53d1800 Uncommon trap: trap_request=0xffffff4d fr.pc=0x00000233c0b0b7a4 relative=0x0000000000000644
Event: 3.480 Thread 0x00000233b53d1800 Uncommon trap: reason=unstable_if action=reinterpret pc=0x00000233c0b0b7a4 method=java.lang.String.lastIndexOf(II)I @ 4 c2
Event: 3.480 Thread 0x00000233b53d1800 DEOPT PACKING pc=0x00000233c0b0b7a4 sp=0x00000078a65f5b70
Event: 3.480 Thread 0x00000233b53d1800 DEOPT UNPACKING pc=0x00000233b8f4a1af sp=0x00000078a65f5a60 mode 2

Classes redefined (0 events):
No events

Internal exceptions (20 events):
Event: 1.388 Thread 0x00000233b53d1800 Exception <a 'java/lang/NoSuchMethodError'{0x0000000087a4aa20}: 'long java.lang.invoke.DirectMethodHandle$Holder.invokeStatic(java.lang.Object)'> (0x0000000087a4aa20) thrown at [src/hotspot/share/interpreter/linkResolver.cpp, line 773]
Event: 1.388 Thread 0x00000233b53d1800 Exception <a 'java/lang/NoSuchMethodError'{0x0000000087a4d878}: 'long java.lang.invoke.DirectMethodHandle$Holder.invokeStaticInit(java.lang.Object)'> (0x0000000087a4d878) thrown at [src/hotspot/share/interpreter/linkResolver.cpp, line 773]
Event: 1.412 Thread 0x00000233b53d1800 Exception <a 'java/lang/NoSuchMethodError'{0x00000000879be0a0}: 'int java.lang.invoke.DirectMethodHandle$Holder.invokeSpecialIFC(java.lang.Object, java.lang.Object, int)'> (0x00000000879be0a0) thrown at [src/hotspot/share/interpreter/linkResolver.cpp, line 773]
Event: 1.476 Thread 0x00000233b53d1800 Exception <a 'java/lang/NoSuchMethodError'{0x0000000089ffd1c0}: 'int java.lang.invoke.DirectMethodHandle$Holder.invokeStaticInit(java.lang.Object, java.lang.Object, java.lang.Object)'> (0x0000000089ffd1c0) thrown at [src/hotspot/share/interpreter/linkResolver.cpp, line 773]
Event: 1.480 Thread 0x00000233b53d1800 Exception <a 'java/lang/NoSuchMethodError'{0x0000000089e28ee0}: 'int java.lang.invoke.DirectMethodHandle$Holder.invokeStaticInit(java.lang.Object, java.lang.Object)'> (0x0000000089e28ee0) thrown at [src/hotspot/share/interpreter/linkResolver.cpp, line 773]
Event: 1.556 Thread 0x00000233b53d1800 Exception <a 'java/lang/NoSuchMethodError'{0x0000000089c3e948}: 'void java.lang.invoke.DirectMethodHandle$Holder.invokeSpecial(java.lang.Object, java.lang.Object)'> (0x0000000089c3e948) thrown at [src/hotspot/share/interpreter/linkResolver.cpp, line 773]
Event: 1.741 Thread 0x00000233b53d1800 Exception <a 'java/lang/NoSuchMethodError'{0x00000000894edc68}: 'java.lang.Object java.lang.invoke.DirectMethodHandle$Holder.invokeStatic(java.lang.Object, java.lang.Object, java.lang.Object, java.lang.Object, java.lang.Object, java.lang.Object, java.lang.Object, java.lang.Object, java.lang.Object, java.lang.Object, java.lang.Object, java.lang.Object, java.lang.Object, java.lang.Object, java.lang.Object)'> (0x00000000894edc68) thrown at [src/hotspot/share/interpreter/linkResolver.cpp, line 773]
Event: 1.742 Thread 0x00000233b53d1800 Exception <a 'java/lang/NoSuchMethodError'{0x00000000894fbc70}: 'java.lang.Object java.lang.invoke.DirectMethodHandle$Holder.invokeStatic(java.lang.Object, java.lang.Object, java.lang.Object, java.lang.Object, java.lang.Object, java.lang.Object, java.lang.Object, java.lang.Object, java.lang.Object, java.lang.Object, java.lang.Object, java.lang.Object, java.lang.Object, java.lang.Object, java.lang.Object, java.lang.Object)'> (0x00000000894fbc70) thrown at [src/hotspot/share/interpreter/linkResolver.cpp, lin
Event: 1.743 Thread 0x00000233b53d1800 Exception <a 'java/lang/NoSuchMethodError'{0x000000008930a018}: 'java.lang.Object java.lang.invoke.DirectMethodHandle$Holder.invokeSpecial(java.lang.Object, java.lang.Object, int, int, java.lang.Object, java.lang.Object, java.lang.Object)'> (0x000000008930a018) thrown at [src/hotspot/share/interpreter/linkResolver.cpp, line 773]
Event: 1.743 Thread 0x00000233b53d1800 Exception <a 'java/lang/NoSuchMethodError'{0x000000008930d850}: 'java.lang.Object java.lang.invoke.DelegatingMethodHandle$Holder.reinvoke_L(java.lang.Object, int, int, java.lang.Object, java.lang.Object, java.lang.Object)'> (0x000000008930d850) thrown at [src/hotspot/share/interpreter/linkResolver.cpp, line 773]
Event: 1.744 Thread 0x00000233b53d1800 Exception <a 'java/lang/NoSuchMethodError'{0x0000000089311bd8}: 'java.lang.Object java.lang.invoke.DirectMethodHandle$Holder.invokeStatic(java.lang.Object, java.lang.Object, java.lang.Object, java.lang.Object, int)'> (0x0000000089311bd8) thrown at [src/hotspot/share/interpreter/linkResolver.cpp, line 773]
Event: 1.780 Thread 0x00000233b53d1800 Exception <a 'java/lang/NoSuchMethodError'{0x00000000892371d8}: 'void java.lang.invoke.DirectMethodHandle$Holder.invokeStatic(java.lang.Object, java.lang.Object, java.lang.Object, java.lang.Object)'> (0x00000000892371d8) thrown at [src/hotspot/share/interpreter/linkResolver.cpp, line 773]
Event: 1.850 Thread 0x00000233b53d1800 Exception <a 'java/lang/NoSuchMethodError'{0x0000000088e22350}: 'void java.lang.invoke.DirectMethodHandle$Holder.invokeStaticInit(java.lang.Object, java.lang.Object)'> (0x0000000088e22350) thrown at [src/hotspot/share/interpreter/linkResolver.cpp, line 773]
Event: 1.943 Thread 0x00000233b53d1800 Exception <a 'java/lang/NoSuchMethodError'{0x0000000088a81080}: 'void java.lang.invoke.DirectMethodHandle$Holder.invokeVirtual(java.lang.Object, java.lang.Object)'> (0x0000000088a81080) thrown at [src/hotspot/share/interpreter/linkResolver.cpp, line 773]
Event: 1.952 Thread 0x00000233b53d1800 Exception <a 'java/lang/NoSuchMethodError'{0x0000000088914fe0}: 'int java.lang.invoke.DirectMethodHandle$Holder.invokeVirtual(java.lang.Object, java.lang.Object)'> (0x0000000088914fe0) thrown at [src/hotspot/share/interpreter/linkResolver.cpp, line 773]
Event: 2.856 Thread 0x00000233b53d1800 Exception <a 'java/lang/NoSuchMethodError'{0x000000008983ade8}: 'java.lang.Object java.lang.invoke.DirectMethodHandle$Holder.invokeVirtual(java.lang.Object, java.lang.Object, java.lang.Object)'> (0x000000008983ade8) thrown at [src/hotspot/share/interpreter/linkResolver.cpp, line 773]
Event: 3.557 Thread 0x00000233b53d1800 Exception <a 'java/lang/NoSuchMethodError'{0x0000000087876b70}: 'java.lang.Object java.lang.invoke.Invokers$Holder.linkToTargetMethod(java.lang.Object, int, java.lang.Object)'> (0x0000000087876b70) thrown at [src/hotspot/share/interpreter/linkResolver.cpp, line 773]
Event: 3.746 Thread 0x00000233b53d1800 Exception <a 'java/lang/NoSuchMethodError'{0x0000000087553900}: 'java.lang.Object java.lang.invoke.DirectMethodHandle$Holder.invokeStatic(java.lang.Object, java.lang.Object, java.lang.Object, int)'> (0x0000000087553900) thrown at [src/hotspot/share/interpreter/linkResolver.cpp, line 773]
Event: 3.747 Thread 0x00000233b53d1800 Exception <a 'java/lang/NoSuchMethodError'{0x0000000087557570}: 'java.lang.Object java.lang.invoke.DirectMethodHandle$Holder.invokeSpecial(java.lang.Object, java.lang.Object, java.lang.Object, java.lang.Object, int)'> (0x0000000087557570) thrown at [src/hotspot/share/interpreter/linkResolver.cpp, line 773]
Event: 3.747 Thread 0x00000233b53d1800 Exception <a 'java/lang/NoSuchMethodError'{0x000000008755a880}: 'java.lang.Object java.lang.invoke.Invokers$Holder.linkToTargetMethod(java.lang.Object, java.lang.Object, int, java.lang.Object)'> (0x000000008755a880) thrown at [src/hotspot/share/interpreter/linkResolver.cpp, line 773]

Events (20 events):
Event: 3.846 loading class org/jetbrains/kotlin/resolve/scopes/HierarchicalScope$DefaultImpls
Event: 3.846 loading class org/jetbrains/kotlin/resolve/scopes/HierarchicalScope$DefaultImpls done
Event: 3.846 loading class org/jetbrains/kotlin/resolve/scopes/ResolutionScope$DefaultImpls
Event: 3.846 loading class org/jetbrains/kotlin/resolve/scopes/ResolutionScope$DefaultImpls done
Event: 3.847 loading class org/jetbrains/kotlin/resolve/extensions/ExtraImportsProviderExtension$Companion$CompoundExtraImportsProviderExtension
Event: 3.847 loading class org/jetbrains/kotlin/resolve/extensions/ExtraImportsProviderExtension$Companion$CompoundExtraImportsProviderExtension done
Event: 3.848 loading class org/jetbrains/kotlin/resolve/AnalyzingUtils
Event: 3.848 loading class org/jetbrains/kotlin/resolve/AnalyzingUtils done
Event: 3.849 loading class org/jetbrains/kotlin/resolve/DelegatingBindingTrace$MyBindingContext
Event: 3.849 loading class org/jetbrains/kotlin/resolve/DelegatingBindingTrace$MyBindingContext done
Event: 3.850 loading class org/jetbrains/kotlin/resolve/lazy/LazyImportScope
Event: 3.850 loading class org/jetbrains/kotlin/resolve/lazy/LazyImportScope done
Event: 3.852 loading class org/jetbrains/kotlin/resolve/lazy/LazyImportScope$FilteringKind
Event: 3.852 loading class org/jetbrains/kotlin/resolve/lazy/LazyImportScope$FilteringKind done
Event: 3.852 loading class org/jetbrains/kotlin/resolve/lazy/FileScopeFactory$currentPackageScope$names$2
Event: 3.852 loading class org/jetbrains/kotlin/resolve/lazy/FileScopeFactory$currentPackageScope$names$2 done
Event: 3.853 loading class org/jetbrains/kotlin/resolve/lazy/FileScopeFactory$currentPackageScope$1
Event: 3.853 loading class org/jetbrains/kotlin/resolve/lazy/FileScopeFactory$currentPackageScope$1 done
Event: 3.854 loading class org/jetbrains/kotlin/resolve/scopes/SubpackagesImportingScope
Event: 3.854 loading class org/jetbrains/kotlin/resolve/scopes/SubpackagesImportingScope done


Dynamic libraries:
0x00007ff775be0000 - 0x00007ff775bea000 	C:\Program Files\Android\Android Studio\jbr\bin\java.exe
0x00007ffb9e950000 - 0x00007ffb9eb48000 	C:\WINDOWS\SYSTEM32\ntdll.dll
0x00007ffb9e680000 - 0x00007ffb9e73f000 	C:\WINDOWS\System32\KERNEL32.DLL
0x00007ffb9c3b0000 - 0x00007ffb9c682000 	C:\WINDOWS\System32\KERNELBASE.dll
0x00007ffb9c040000 - 0x00007ffb9c140000 	C:\WINDOWS\System32\ucrtbase.dll
0x00007ffb97640000 - 0x00007ffb9765b000 	C:\Program Files\Android\Android Studio\jbr\bin\VCRUNTIME140.dll
0x00007ffb92c70000 - 0x00007ffb92c87000 	C:\Program Files\Android\Android Studio\jbr\bin\jli.dll
0x00007ffb9e760000 - 0x00007ffb9e901000 	C:\WINDOWS\System32\USER32.dll
0x00007ffb9c690000 - 0x00007ffb9c6b2000 	C:\WINDOWS\System32\win32u.dll
0x00007ffb9e650000 - 0x00007ffb9e67b000 	C:\WINDOWS\System32\GDI32.dll
0x00007ffb9c760000 - 0x00007ffb9c86f000 	C:\WINDOWS\System32\gdi32full.dll
0x00007ffb83290000 - 0x00007ffb8352a000 	C:\WINDOWS\WinSxS\amd64_microsoft.windows.common-controls_6595b64144ccf1df_6.0.19041.1110_none_60b5254171f9507e\COMCTL32.dll
0x00007ffb9c6c0000 - 0x00007ffb9c75d000 	C:\WINDOWS\System32\msvcp_win.dll
0x00007ffb9ce80000 - 0x00007ffb9cf1e000 	C:\WINDOWS\System32\msvcrt.dll
0x00007ffb9cdb0000 - 0x00007ffb9cde2000 	C:\WINDOWS\System32\IMM32.DLL
0x00007ffb95000000 - 0x00007ffb9500c000 	C:\Program Files\Android\Android Studio\jbr\bin\vcruntime140_1.dll
0x00007ffb848c0000 - 0x00007ffb8494d000 	C:\Program Files\Android\Android Studio\jbr\bin\msvcp140.dll
0x00007ffb58bb0000 - 0x00007ffb5976c000 	C:\Program Files\Android\Android Studio\jbr\bin\server\jvm.dll
0x00007ffb9db80000 - 0x00007ffb9dc2e000 	C:\WINDOWS\System32\ADVAPI32.dll
0x00007ffb9e310000 - 0x00007ffb9e3ac000 	C:\WINDOWS\System32\sechost.dll
0x00007ffb9e1e0000 - 0x00007ffb9e305000 	C:\WINDOWS\System32\RPCRT4.dll
0x00007ffb9cda0000 - 0x00007ffb9cda8000 	C:\WINDOWS\System32\PSAPI.DLL
0x00007ffb83120000 - 0x00007ffb83129000 	C:\WINDOWS\SYSTEM32\WSOCK32.dll
0x00007ffb8f3b0000 - 0x00007ffb8f3ba000 	C:\WINDOWS\SYSTEM32\VERSION.dll
0x00007ffb86020000 - 0x00007ffb86047000 	C:\WINDOWS\SYSTEM32\WINMM.dll
0x00007ffb9e410000 - 0x00007ffb9e47b000 	C:\WINDOWS\System32\WS2_32.dll
0x00007ffb9a880000 - 0x00007ffb9a892000 	C:\WINDOWS\SYSTEM32\kernel.appcore.dll
0x00007ffb975f0000 - 0x00007ffb97600000 	C:\Program Files\Android\Android Studio\jbr\bin\verify.dll
0x00007ffb96960000 - 0x00007ffb96b44000 	C:\WINDOWS\SYSTEM32\DBGHELP.DLL
0x00007ffb83080000 - 0x00007ffb830b5000 	C:\WINDOWS\SYSTEM32\dbgcore.DLL
0x00007ffb9c170000 - 0x00007ffb9c1f2000 	C:\WINDOWS\System32\bcryptPrimitives.dll
0x00007ffb928f0000 - 0x00007ffb92918000 	C:\Program Files\Android\Android Studio\jbr\bin\java.dll
0x00007ffb971e0000 - 0x00007ffb971ea000 	C:\Program Files\Android\Android Studio\jbr\bin\jimage.dll
0x00007ffb95cd0000 - 0x00007ffb95ce8000 	C:\Program Files\Android\Android Studio\jbr\bin\zip.dll
0x00007ffb9cf20000 - 0x00007ffb9d665000 	C:\WINDOWS\System32\SHELL32.dll
0x00007ffb99cd0000 - 0x00007ffb9a462000 	C:\WINDOWS\SYSTEM32\windows.storage.dll
0x00007ffb9d670000 - 0x00007ffb9d9c5000 	C:\WINDOWS\System32\combase.dll
0x00007ffb9baa0000 - 0x00007ffb9bad0000 	C:\WINDOWS\SYSTEM32\Wldp.dll
0x00007ffb9e480000 - 0x00007ffb9e52d000 	C:\WINDOWS\System32\SHCORE.dll
0x00007ffb9cc10000 - 0x00007ffb9cc65000 	C:\WINDOWS\System32\shlwapi.dll
0x00007ffb9bf80000 - 0x00007ffb9bf9f000 	C:\WINDOWS\SYSTEM32\profapi.dll
0x00007ffb975d0000 - 0x00007ffb975e9000 	C:\Program Files\Android\Android Studio\jbr\bin\net.dll
0x00007ffb99330000 - 0x00007ffb9943c000 	C:\WINDOWS\SYSTEM32\WINHTTP.dll
0x00007ffb9b800000 - 0x00007ffb9b86a000 	C:\WINDOWS\system32\mswsock.dll
0x00007ffb95cf0000 - 0x00007ffb95d03000 	C:\Program Files\Android\Android Studio\jbr\bin\nio.dll

dbghelp: loaded successfully - version: 4.0.5 - missing functions: none
symbol engine: initialized successfully - sym options: 0x614 - pdb path: .;C:\Program Files\Android\Android Studio\jbr\bin;C:\WINDOWS\SYSTEM32;C:\WINDOWS\WinSxS\amd64_microsoft.windows.common-controls_6595b64144ccf1df_6.0.19041.1110_none_60b5254171f9507e;C:\Program Files\Android\Android Studio\jbr\bin\server

VM Arguments:
java_command: org.jetbrains.kotlin.cli.jvm.K2JVMCompiler @C:\src\AndroidStudioProjects\Android_Tutorial_Kotlin\app\build\20230301_16178365105997817519.compiler.options
java_class_path (initial): C:\Users\leeji\.gradle\caches\modules-2\files-2.1\org.jetbrains.kotlin\kotlin-compiler-embeddable\1.8.0\eb9118d4bcceaa2a94b2ae2a33a4ddba7c9a947f\kotlin-compiler-embeddable-1.8.0.jar;C:\Users\leeji\.gradle\caches\modules-2\files-2.1\org.jetbrains.kotlin\kotlin-stdlib\1.8.0\1796921c7a3e2e2665a83e6c8d33399336cd39bc\kotlin-stdlib-1.8.0.jar;C:\Users\leeji\.gradle\caches\modules-2\files-2.1\org.jetbrains.kotlin\kotlin-script-runtime\1.8.0\b2f7e760d283cb339974851c222a4c1d48f2d3d\kotlin-script-runtime-1.8.0.jar;C:\Users\leeji\.gradle\caches\modules-2\files-2.1\org.jetbrains.kotlin\kotlin-reflect\1.6.10\1cbe9c92c12a94eea200d23c2bbaedaf3daf5132\kotlin-reflect-1.6.10.jar;C:\Users\leeji\.gradle\caches\modules-2\files-2.1\org.jetbrains.kotlin\kotlin-daemon-embeddable\1.8.0\d255216c551685dc3a7e852b53617f5f01aaaa5c\kotlin-daemon-embeddable-1.8.0.jar;C:\Users\leeji\.gradle\caches\modules-2\files-2.1\org.jetbrains.intellij.deps\trove4j\1.0.20200330\3afb14d5f9ceb459d724e907a21145e8ff394f02\trove4j-1.0.20200330.jar;C:\Users\leeji\.gradle\caches\modules-2\files-2.1\net.java.dev.jna\jna\5.6.0\330f2244e9030119ab3030fc3fededc86713d9cc\jna-5.6.0.jar;C:\Users\leeji\.gradle\caches\modules-2\files-2.1\org.jetbrains.kotlin\kotlin-stdlib-common\1.8.0\f7197e7cc76453ac59f8b0f8d5137cc600becd36\kotlin-stdlib-common-1.8.0.jar;C:\Users\leeji\.gradle\caches\modules-2\files-2.1\org.jetbrains\annotations\13.0\919f0dfe192fb4e063e7dacadee7f8bb9a2672a9\annotations-13.0.jar
Launcher Type: SUN_STANDARD

[Global flags]
     intx CICompilerCount                          = 4                                         {product} {ergonomic}
     uint ConcGCThreads                            = 2                                         {product} {ergonomic}
     uint G1ConcRefinementThreads                  = 8                                         {product} {ergonomic}
   size_t G1HeapRegionSize                         = 1048576                                   {product} {ergonomic}
    uintx GCDrainStackTargetSize                   = 64                                        {product} {ergonomic}
   size_t InitialHeapSize                          = 132120576                                 {product} {ergonomic}
   size_t MarkStackSize                            = 4194304                                   {product} {ergonomic}
   size_t MaxHeapSize                              = 2109734912                                {product} {ergonomic}
   size_t MaxNewSize                               = 1265631232                                {product} {ergonomic}
   size_t MinHeapDeltaBytes                        = 1048576                                   {product} {ergonomic}
    uintx NonNMethodCodeHeapSize                   = 5836300                                {pd product} {ergonomic}
    uintx NonProfiledCodeHeapSize                  = 122910970                              {pd product} {ergonomic}
    uintx ProfiledCodeHeapSize                     = 122910970                              {pd product} {ergonomic}
    uintx ReservedCodeCacheSize                    = 251658240                              {pd product} {ergonomic}
     bool SegmentedCodeCache                       = true                                      {product} {ergonomic}
     bool UseCompressedClassPointers               = true                                 {lp64_product} {ergonomic}
     bool UseCompressedOops                        = true                                 {lp64_product} {ergonomic}
     bool UseG1GC                                  = true                                      {product} {ergonomic}
     bool UseLargePagesIndividualAllocation        = false                                  {pd product} {ergonomic}

Logging:
Log output configuration:
 #0: stdout all=warning uptime,level,tags
 #1: stderr all=off uptime,level,tags

Environment Variables:
JAVA_HOME=C:\Program Files\Java\jdk-11.0.13
PATH=C:\Program Files\Common Files\Oracle\Java\javapath;C:\WINDOWS\system32;C:\WINDOWS;C:\WINDOWS\System32\Wbem;C:\WINDOWS\System32\WindowsPowerShell\v1.0\;C:\WINDOWS\System32\OpenSSH\;C:\Users\leeji\AppData\Local\Packages\Microsoft.MicrosoftEdge_8wekyb3d8bbwe\TempState\Downloads\jdk-12.0.2_windows-x64_bin (1).zip\bin;C:\Program Files\Java\jdk-12.0.2\bin;C:\Program Files\Intel\WiFi\bin\;C:\Program Files\Common Files\Intel\WirelessCommon\;C:\Users\leeji\Downloads\flutter_windows_2.8.1-stable\flutter\bin;C:\Users\leeji\flutter_windows_2.8.1-stable\flutter\bin;C:\Users\leeji\flutter;C:\Program Files\Java\jdk-11.0.13\bin\;C:\Program Files\Microsoft SQL Server\130\Tools\Binn\;C:\Program Files\nodejs\;C:\Program Files\Git\cmd;C:\Users\leeji\AppData\Roaming\npm;C:\Users\leeji\AppData\Local\Programs\Microsoft VS Code\bin;C:\src\flutter\bin;
USERNAME=leeji
OS=Windows_NT
PROCESSOR_IDENTIFIER=Intel64 Family 6 Model 142 Stepping 10, GenuineIntel



---------------  S Y S T E M  ---------------

OS: Windows 10 , 64 bit Build 19041 (10.0.19041.2546)
OS uptime: 0 days 12:16 hours
Hyper-V role detected

CPU:total 8 (initial active 8) (4 cores per cpu, 2 threads per core) family 6 model 142 stepping 10 microcode 0xca, cmov, cx8, fxsr, mmx, sse, sse2, sse3, ssse3, sse4.1, sse4.2, popcnt, avx, avx2, aes, clmul, erms, 3dnowpref, lzcnt, ht, tsc, tscinvbit, bmi1, bmi2, adx, fma

Memory: 4k page, system-wide physical 8046M (725M free)
TotalPageFile size 9947M (AvailPageFile size 5M)
current process WorkingSet (physical memory assigned to process): 236M, peak: 238M
current process commit charge ("private bytes"): 311M, peak: 314M

vm_info: OpenJDK 64-Bit Server VM (11.0.15+0-b2043.56-9505619) for windows-amd64 JRE (11.0.15+0-b2043.56-9505619), built on Jan 19 2023 02:48:00 by "builduser" with unknown MS VC++:1929

END.
