#
# There is insufficient memory for the Java Runtime Environment to continue.
# Native memory allocation (malloc) failed to allocate 32744 bytes for ChunkPool::allocate
# Possible reasons:
#   The system is out of physical RAM or swap space
#   The process is running with CompressedOops enabled, and the Java Heap may be blocking the growth of the native heap
# Possible solutions:
#   Reduce memory load on the system
#   Increase physical memory or swap space
#   Check if swap backing store is full
#   Decrease Java heap size (-Xmx/-Xms)
#   Decrease number of Java threads
#   Decrease Java thread stack sizes (-Xss)
#   Set larger code cache with -XX:ReservedCodeCacheSize=
#   JVM is running with Unscaled Compressed Oops mode in which the Java heap is
#     placed in the first 4GB address space. The Java Heap base address is the
#     maximum limit for the native heap growth. Please use -XX:HeapBaseMinAddress
#     to set the Java Heap base and to place the Java Heap above 4GB virtual address.
# This output file may be truncated or incomplete.
#
#  Out of Memory Error (src/hotspot/share/memory/arena.cpp:81), pid=21672, tid=8160
#
# JRE version: OpenJDK Runtime Environment (11.0.15) (build 11.0.15+0-b2043.56-9505619)
# Java VM: OpenJDK 64-Bit Server VM (11.0.15+0-b2043.56-9505619, mixed mode, tiered, compressed oops, g1 gc, windows-amd64)
# No core dump will be written. Minidumps are not enabled by default on client versions of Windows
#

---------------  S U M M A R Y ------------

Command Line: org.jetbrains.kotlin.cli.jvm.K2JVMCompiler @C:\src\AndroidStudioProjects\Android_Tutorial_Kotlin\app\build\20230301_8934120744697714692.compiler.options

Host: Intel(R) Core(TM) i5-8250U CPU @ 1.60GHz, 8 cores, 7G,  Windows 10 , 64 bit Build 19041 (10.0.19041.2546)
Time: Wed Mar  1 01:10:26 2023  Windows 10 , 64 bit Build 19041 (10.0.19041.2546) elapsed time: 1.880448 seconds (0d 0h 0m 1s)

---------------  T H R E A D  ---------------

Current thread (0x0000014972e61800):  JavaThread "main" [_thread_in_vm, id=8160, stack(0x00000022bee00000,0x00000022bef00000)]

Stack: [0x00000022bee00000,0x00000022bef00000]
Native frames: (J=compiled Java code, j=interpreted, Vv=VM code, C=native code)
V  [jvm.dll+0x64135a]
V  [jvm.dll+0x7d39f9]
V  [jvm.dll+0x7d51b9]
V  [jvm.dll+0x7d58a3]
V  [jvm.dll+0x2691c5]
V  [jvm.dll+0xc1cbf]
V  [jvm.dll+0xc200c]
V  [jvm.dll+0x27060b]
V  [jvm.dll+0x26fc05]
V  [jvm.dll+0x1dc454]
V  [jvm.dll+0x1db905]
V  [jvm.dll+0x510417]
V  [jvm.dll+0x76aade]
V  [jvm.dll+0x40fb38]
V  [jvm.dll+0x415593]
C  [java.dll+0x19c4]

Java frames: (J=compiled Java code, j=interpreted, Vv=VM code)
J 549  java.lang.ClassLoader.defineClass1(Ljava/lang/ClassLoader;Ljava/lang/String;[BIILjava/security/ProtectionDomain;Ljava/lang/String;)Ljava/lang/Class; java.base@11.0.15 (0 bytes) @ 0x0000014907af94fb [0x0000014907af9440+0x00000000000000bb]
J 474 c1 java.lang.ClassLoader.defineClass(Ljava/lang/String;[BIILjava/security/ProtectionDomain;)Ljava/lang/Class; java.base@11.0.15 (43 bytes) @ 0x000001490066d6e4 [0x000001490066d3a0+0x0000000000000344]
J 415 c1 jdk.internal.loader.BuiltinClassLoader.defineClass(Ljava/lang/String;Ljdk/internal/loader/Resource;)Ljava/lang/Class; java.base@11.0.15 (121 bytes) @ 0x0000014900648a4c [0x00000149006479c0+0x000000000000108c]
J 366 c1 jdk.internal.loader.BuiltinClassLoader.findClassOnClassPathOrNull(Ljava/lang/String;)Ljava/lang/Class; java.base@11.0.15 (64 bytes) @ 0x000001490062692c [0x0000014900626740+0x00000000000001ec]
J 244 c1 jdk.internal.loader.BuiltinClassLoader.loadClassOrNull(Ljava/lang/String;Z)Ljava/lang/Class; java.base@11.0.15 (143 bytes) @ 0x00000149005ecd1c [0x00000149005ebc00+0x000000000000111c]
J 334 c1 jdk.internal.loader.ClassLoaders$AppClassLoader.loadClass(Ljava/lang/String;Z)Ljava/lang/Class; java.base@11.0.15 (40 bytes) @ 0x000001490060ff04 [0x000001490060f960+0x00000000000005a4]
J 333 c1 java.lang.ClassLoader.loadClass(Ljava/lang/String;)Ljava/lang/Class; java.base@11.0.15 (7 bytes) @ 0x000001490060f5bc [0x000001490060f4c0+0x00000000000000fc]
v  ~StubRoutines::call_stub
J 549  java.lang.ClassLoader.defineClass1(Ljava/lang/ClassLoader;Ljava/lang/String;[BIILjava/security/ProtectionDomain;Ljava/lang/String;)Ljava/lang/Class; java.base@11.0.15 (0 bytes) @ 0x0000014907af94fb [0x0000014907af9440+0x00000000000000bb]
J 474 c1 java.lang.ClassLoader.defineClass(Ljava/lang/String;[BIILjava/security/ProtectionDomain;)Ljava/lang/Class; java.base@11.0.15 (43 bytes) @ 0x000001490066d6e4 [0x000001490066d3a0+0x0000000000000344]
J 415 c1 jdk.internal.loader.BuiltinClassLoader.defineClass(Ljava/lang/String;Ljdk/internal/loader/Resource;)Ljava/lang/Class; java.base@11.0.15 (121 bytes) @ 0x0000014900648a4c [0x00000149006479c0+0x000000000000108c]
J 366 c1 jdk.internal.loader.BuiltinClassLoader.findClassOnClassPathOrNull(Ljava/lang/String;)Ljava/lang/Class; java.base@11.0.15 (64 bytes) @ 0x000001490062692c [0x0000014900626740+0x00000000000001ec]
J 244 c1 jdk.internal.loader.BuiltinClassLoader.loadClassOrNull(Ljava/lang/String;Z)Ljava/lang/Class; java.base@11.0.15 (143 bytes) @ 0x00000149005ecd1c [0x00000149005ebc00+0x000000000000111c]
J 334 c1 jdk.internal.loader.ClassLoaders$AppClassLoader.loadClass(Ljava/lang/String;Z)Ljava/lang/Class; java.base@11.0.15 (40 bytes) @ 0x000001490060ff04 [0x000001490060f960+0x00000000000005a4]
J 333 c1 java.lang.ClassLoader.loadClass(Ljava/lang/String;)Ljava/lang/Class; java.base@11.0.15 (7 bytes) @ 0x000001490060f5bc [0x000001490060f4c0+0x00000000000000fc]
v  ~StubRoutines::call_stub
J 549  java.lang.ClassLoader.defineClass1(Ljava/lang/ClassLoader;Ljava/lang/String;[BIILjava/security/ProtectionDomain;Ljava/lang/String;)Ljava/lang/Class; java.base@11.0.15 (0 bytes) @ 0x0000014907af94fb [0x0000014907af9440+0x00000000000000bb]
J 474 c1 java.lang.ClassLoader.defineClass(Ljava/lang/String;[BIILjava/security/ProtectionDomain;)Ljava/lang/Class; java.base@11.0.15 (43 bytes) @ 0x000001490066d6e4 [0x000001490066d3a0+0x0000000000000344]
J 415 c1 jdk.internal.loader.BuiltinClassLoader.defineClass(Ljava/lang/String;Ljdk/internal/loader/Resource;)Ljava/lang/Class; java.base@11.0.15 (121 bytes) @ 0x0000014900648a4c [0x00000149006479c0+0x000000000000108c]
J 366 c1 jdk.internal.loader.BuiltinClassLoader.findClassOnClassPathOrNull(Ljava/lang/String;)Ljava/lang/Class; java.base@11.0.15 (64 bytes) @ 0x000001490062692c [0x0000014900626740+0x00000000000001ec]
J 244 c1 jdk.internal.loader.BuiltinClassLoader.loadClassOrNull(Ljava/lang/String;Z)Ljava/lang/Class; java.base@11.0.15 (143 bytes) @ 0x00000149005ecd1c [0x00000149005ebc00+0x000000000000111c]
J 334 c1 jdk.internal.loader.ClassLoaders$AppClassLoader.loadClass(Ljava/lang/String;Z)Ljava/lang/Class; java.base@11.0.15 (40 bytes) @ 0x000001490060ff04 [0x000001490060f960+0x00000000000005a4]
J 333 c1 java.lang.ClassLoader.loadClass(Ljava/lang/String;)Ljava/lang/Class; java.base@11.0.15 (7 bytes) @ 0x000001490060f5bc [0x000001490060f4c0+0x00000000000000fc]
v  ~StubRoutines::call_stub
j  org.jetbrains.kotlin.psi.stubs.elements.KtStubElementTypes.<clinit>()V+6
v  ~StubRoutines::call_stub
j  org.jetbrains.kotlin.psi.stubs.elements.KtTokenSets.<clinit>()V+7
v  ~StubRoutines::call_stub
j  org.jetbrains.kotlin.psi.KtFile.<clinit>()V+18
v  ~StubRoutines::call_stub
j  org.jetbrains.kotlin.parsing.KotlinParserDefinition.createFile(Lorg/jetbrains/kotlin/com/intellij/psi/FileViewProvider;)Lorg/jetbrains/kotlin/com/intellij/psi/PsiFile;+6
j  org.jetbrains.kotlin.com.intellij.psi.AbstractFileViewProvider.createFile(Lorg/jetbrains/kotlin/com/intellij/lang/Language;)Lorg/jetbrains/kotlin/com/intellij/psi/PsiFile;+36
j  org.jetbrains.kotlin.com.intellij.psi.AbstractFileViewProvider.createFile(Lorg/jetbrains/kotlin/com/intellij/openapi/vfs/VirtualFile;Lorg/jetbrains/kotlin/com/intellij/openapi/fileTypes/FileType;Lorg/jetbrains/kotlin/com/intellij/lang/Language;)Lorg/jetbrains/kotlin/com/intellij/psi/PsiFile;+96
j  org.jetbrains.kotlin.com.intellij.psi.AbstractFileViewProvider.createFile(Lorg/jetbrains/kotlin/com/intellij/openapi/project/Project;Lorg/jetbrains/kotlin/com/intellij/openapi/vfs/VirtualFile;Lorg/jetbrains/kotlin/com/intellij/openapi/fileTypes/FileType;)Lorg/jetbrains/kotlin/com/intellij/psi/PsiFile;+32
j  org.jetbrains.kotlin.com.intellij.psi.SingleRootFileViewProvider.createFile()Lorg/jetbrains/kotlin/com/intellij/psi/PsiFile;+23
j  org.jetbrains.kotlin.com.intellij.psi.SingleRootFileViewProvider.getPsiInner(Lorg/jetbrains/kotlin/com/intellij/lang/Language;)Lorg/jetbrains/kotlin/com/intellij/psi/PsiFile;+29
j  org.jetbrains.kotlin.com.intellij.psi.AbstractFileViewProvider.getPsi(Lorg/jetbrains/kotlin/com/intellij/lang/Language;)Lorg/jetbrains/kotlin/com/intellij/psi/PsiFile;+61
j  org.jetbrains.kotlin.com.intellij.psi.impl.file.impl.FileManagerImpl.findFile(Lorg/jetbrains/kotlin/com/intellij/openapi/vfs/VirtualFile;)Lorg/jetbrains/kotlin/com/intellij/psi/PsiFile;+78
j  org.jetbrains.kotlin.com.intellij.psi.impl.PsiManagerImpl.findFile(Lorg/jetbrains/kotlin/com/intellij/openapi/vfs/VirtualFile;)Lorg/jetbrains/kotlin/com/intellij/psi/PsiFile;+17
j  org.jetbrains.kotlin.cli.jvm.compiler.CoreEnvironmentUtilsKt.createSourceFilesFromSourceRoots(Lorg/jetbrains/kotlin/config/CompilerConfiguration;Lorg/jetbrains/kotlin/com/intellij/openapi/project/Project;Ljava/util/List;Lorg/jetbrains/kotlin/cli/common/messages/CompilerMessageLocation;)Ljava/util/List;+483
j  org.jetbrains.kotlin.cli.jvm.compiler.CoreEnvironmentUtilsKt.createSourceFilesFromSourceRoots$default(Lorg/jetbrains/kotlin/config/CompilerConfiguration;Lorg/jetbrains/kotlin/com/intellij/openapi/project/Project;Ljava/util/List;Lorg/jetbrains/kotlin/cli/common/messages/CompilerMessageLocation;ILjava/lang/Object;)Ljava/util/List;+17
j  org.jetbrains.kotlin.cli.jvm.compiler.KotlinCoreEnvironment.<init>(Lorg/jetbrains/kotlin/cli/jvm/compiler/KotlinCoreEnvironment$ProjectEnvironment;Lorg/jetbrains/kotlin/config/CompilerConfiguration;Lorg/jetbrains/kotlin/cli/jvm/compiler/EnvironmentConfigFiles;)V+133
j  org.jetbrains.kotlin.cli.jvm.compiler.KotlinCoreEnvironment.<init>(Lorg/jetbrains/kotlin/cli/jvm/compiler/KotlinCoreEnvironment$ProjectEnvironment;Lorg/jetbrains/kotlin/config/CompilerConfiguration;Lorg/jetbrains/kotlin/cli/jvm/compiler/EnvironmentConfigFiles;Lkotlin/jvm/internal/DefaultConstructorMarker;)V+4
j  org.jetbrains.kotlin.cli.jvm.compiler.KotlinCoreEnvironment$Companion.createForProduction(Lorg/jetbrains/kotlin/com/intellij/openapi/Disposable;Lorg/jetbrains/kotlin/config/CompilerConfiguration;Lorg/jetbrains/kotlin/cli/jvm/compiler/EnvironmentConfigFiles;)Lorg/jetbrains/kotlin/cli/jvm/compiler/KotlinCoreEnvironment;+54
j  org.jetbrains.kotlin.cli.jvm.K2JVMCompiler.createCoreEnvironment(Lorg/jetbrains/kotlin/com/intellij/openapi/Disposable;Lorg/jetbrains/kotlin/config/CompilerConfiguration;Lorg/jetbrains/kotlin/cli/common/messages/MessageCollector;Ljava/lang/String;)Lorg/jetbrains/kotlin/cli/jvm/compiler/KotlinCoreEnvironment;+19
j  org.jetbrains.kotlin.cli.jvm.K2JVMCompiler.doExecute(Lorg/jetbrains/kotlin/cli/common/arguments/K2JVMCompilerArguments;Lorg/jetbrains/kotlin/config/CompilerConfiguration;Lorg/jetbrains/kotlin/com/intellij/openapi/Disposable;Lorg/jetbrains/kotlin/utils/KotlinPaths;)Lorg/jetbrains/kotlin/cli/common/ExitCode;+934
j  org.jetbrains.kotlin.cli.jvm.K2JVMCompiler.doExecute(Lorg/jetbrains/kotlin/cli/common/arguments/CommonCompilerArguments;Lorg/jetbrains/kotlin/config/CompilerConfiguration;Lorg/jetbrains/kotlin/com/intellij/openapi/Disposable;Lorg/jetbrains/kotlin/utils/KotlinPaths;)Lorg/jetbrains/kotlin/cli/common/ExitCode;+9
j  org.jetbrains.kotlin.cli.common.CLICompiler.execImpl(Lorg/jetbrains/kotlin/cli/common/messages/MessageCollector;Lorg/jetbrains/kotlin/config/Services;Lorg/jetbrains/kotlin/cli/common/arguments/CommonCompilerArguments;)Lorg/jetbrains/kotlin/cli/common/ExitCode;+219
j  org.jetbrains.kotlin.cli.common.CLICompiler.execImpl(Lorg/jetbrains/kotlin/cli/common/messages/MessageCollector;Lorg/jetbrains/kotlin/config/Services;Lorg/jetbrains/kotlin/cli/common/arguments/CommonToolArguments;)Lorg/jetbrains/kotlin/cli/common/ExitCode;+7
j  org.jetbrains.kotlin.cli.common.CLITool.exec(Lorg/jetbrains/kotlin/cli/common/messages/MessageCollector;Lorg/jetbrains/kotlin/config/Services;Lorg/jetbrains/kotlin/cli/common/arguments/CommonToolArguments;)Lorg/jetbrains/kotlin/cli/common/ExitCode;+76
j  org.jetbrains.kotlin.cli.common.CLITool.exec(Ljava/io/PrintStream;Lorg/jetbrains/kotlin/config/Services;Lorg/jetbrains/kotlin/cli/common/messages/MessageRenderer;[Ljava/lang/String;)Lorg/jetbrains/kotlin/cli/common/ExitCode;+224
j  org.jetbrains.kotlin.cli.common.CLITool.exec(Ljava/io/PrintStream;Lorg/jetbrains/kotlin/cli/common/messages/MessageRenderer;[Ljava/lang/String;)Lorg/jetbrains/kotlin/cli/common/ExitCode;+25
j  org.jetbrains.kotlin.cli.common.CLITool$Companion.doMainNoExit(Lorg/jetbrains/kotlin/cli/common/CLITool;[Ljava/lang/String;Lorg/jetbrains/kotlin/cli/common/messages/MessageRenderer;)Lorg/jetbrains/kotlin/cli/common/ExitCode;+39
j  org.jetbrains.kotlin.cli.common.CLITool$Companion.doMainNoExit$default(Lorg/jetbrains/kotlin/cli/common/CLITool$Companion;Lorg/jetbrains/kotlin/cli/common/CLITool;[Ljava/lang/String;Lorg/jetbrains/kotlin/cli/common/messages/MessageRenderer;ILjava/lang/Object;)Lorg/jetbrains/kotlin/cli/common/ExitCode;+16
j  org.jetbrains.kotlin.cli.common.CLITool$Companion.doMain(Lorg/jetbrains/kotlin/cli/common/CLITool;[Ljava/lang/String;)V+57
j  org.jetbrains.kotlin.cli.jvm.K2JVMCompiler$Companion.main([Ljava/lang/String;)V+20
j  org.jetbrains.kotlin.cli.jvm.K2JVMCompiler.main([Ljava/lang/String;)V+4
v  ~StubRoutines::call_stub

---------------  P R O C E S S  ---------------

Threads class SMR info:
_java_thread_list=0x000001497ec4dcc0, length=12, elements={
0x0000014972e61800, 0x000001497e1cf800, 0x000001497e1d9000, 0x000001497eadc000,
0x000001497eadd000, 0x000001497eae0000, 0x000001497eaee800, 0x000001497eaf9000,
0x000001497eaff800, 0x000001497ec70000, 0x000001497eafa000, 0x000001497eaf5000
}

Java Threads: ( => current thread )
=>0x0000014972e61800 JavaThread "main" [_thread_in_vm, id=8160, stack(0x00000022bee00000,0x00000022bef00000)]
  0x000001497e1cf800 JavaThread "Reference Handler" daemon [_thread_blocked, id=22036, stack(0x00000022bf500000,0x00000022bf600000)]
  0x000001497e1d9000 JavaThread "Finalizer" daemon [_thread_blocked, id=15564, stack(0x00000022bf600000,0x00000022bf700000)]
  0x000001497eadc000 JavaThread "Signal Dispatcher" daemon [_thread_blocked, id=18472, stack(0x00000022bf700000,0x00000022bf800000)]
  0x000001497eadd000 JavaThread "Attach Listener" daemon [_thread_blocked, id=23068, stack(0x00000022bf800000,0x00000022bf900000)]
  0x000001497eae0000 JavaThread "Service Thread" daemon [_thread_blocked, id=10452, stack(0x00000022bf900000,0x00000022bfa00000)]
  0x000001497eaee800 JavaThread "C2 CompilerThread0" daemon [_thread_blocked, id=20100, stack(0x00000022bfa00000,0x00000022bfb00000)]
  0x000001497eaf9000 JavaThread "C1 CompilerThread0" daemon [_thread_blocked, id=22504, stack(0x00000022bfb00000,0x00000022bfc00000)]
  0x000001497eaff800 JavaThread "Sweeper thread" daemon [_thread_blocked, id=21384, stack(0x00000022bfc00000,0x00000022bfd00000)]
  0x000001497ec70000 JavaThread "Common-Cleaner" daemon [_thread_blocked, id=10112, stack(0x00000022bfe00000,0x00000022bff00000)]
  0x000001497eafa000 JavaThread "C2 CompilerThread1" daemon [_thread_in_native, id=18300, stack(0x00000022bff00000,0x00000022c0000000)]
  0x000001497eaf5000 JavaThread "C2 CompilerThread2" daemon [_thread_blocked, id=14040, stack(0x00000022c0000000,0x00000022c0100000)]

Other Threads:
  0x000001497e1ca000 VMThread "VM Thread" [stack: 0x00000022bf400000,0x00000022bf500000] [id=19144]
  0x000001497ec53800 WatcherThread [stack: 0x00000022bfd00000,0x00000022bfe00000] [id=20548]
  0x0000014972e79800 GCTaskThread "GC Thread#0" [stack: 0x00000022bef00000,0x00000022bf000000] [id=10104]
  0x000001497f202800 GCTaskThread "GC Thread#1" [stack: 0x00000022c0100000,0x00000022c0200000] [id=12424]
  0x000001497f2a6800 GCTaskThread "GC Thread#2" [stack: 0x00000022c0200000,0x00000022c0300000] [id=15788]
  0x0000014972ea9800 ConcurrentGCThread "G1 Main Marker" [stack: 0x00000022bf000000,0x00000022bf100000] [id=21136]
  0x0000014972eab000 ConcurrentGCThread "G1 Conc#0" [stack: 0x00000022bf100000,0x00000022bf200000] [id=20260]
  0x000001490f19b000 ConcurrentGCThread "G1 Conc#1" [stack: 0x00000022c0300000,0x00000022c0400000] [id=20876]
  0x0000014972f3e000 ConcurrentGCThread "G1 Refine#0" [stack: 0x00000022bf200000,0x00000022bf300000] [id=18948]
  0x000001497e012800 ConcurrentGCThread "G1 Young RemSet Sampling" [stack: 0x00000022bf300000,0x00000022bf400000] [id=13532]

Threads with active compile tasks:
C2 CompilerThread1     1907 1938   !   4       jdk.internal.loader.BuiltinClassLoader::loadClassOrNull (143 bytes)

VM state:not at safepoint (normal execution)

VM Mutex/Monitor currently owned by a thread: None

Heap address: 0x0000000082400000, size: 2012 MB, Compressed Oops mode: 32-bit
Narrow klass base: 0x0000000000000000, Narrow klass shift: 3
Compressed class space size: 1073741824 Address: 0x0000000100000000

Heap:
 garbage-first heap   total 129024K, used 40251K [0x0000000082400000, 0x0000000100000000)
  region size 1024K, 33 young (33792K), 7 survivors (7168K)
 Metaspace       used 28324K, capacity 28780K, committed 28976K, reserved 1075200K
  class space    used 3085K, capacity 3274K, committed 3376K, reserved 1048576K
Heap Regions: E=young(eden), S=young(survivor), O=old, HS=humongous(starts), HC=humongous(continues), CS=collection set, F=free, A=archive, TAMS=top-at-mark-start (previous, next)
|   0|0x0000000082400000, 0x0000000082500000, 0x0000000082500000|100%|HS|  |TAMS 0x0000000082500000, 0x0000000082400000| Complete 
|   1|0x0000000082500000, 0x0000000082600000, 0x0000000082600000|100%|HC|  |TAMS 0x0000000082600000, 0x0000000082500000| Complete 
|   2|0x0000000082600000, 0x0000000082700000, 0x0000000082700000|100%|HC|  |TAMS 0x0000000082700000, 0x0000000082600000| Complete 
|   3|0x0000000082700000, 0x0000000082800000, 0x0000000082800000|100%|HC|  |TAMS 0x0000000082800000, 0x0000000082700000| Complete 
|   4|0x0000000082800000, 0x0000000082900000, 0x0000000082900000|100%|HS|  |TAMS 0x0000000082800000, 0x0000000082800000| Complete 
|   5|0x0000000082900000, 0x0000000082a00000, 0x0000000082a00000|100%|HC|  |TAMS 0x0000000082900000, 0x0000000082900000| Complete 
|   6|0x0000000082a00000, 0x0000000082b00000, 0x0000000082b00000|100%|HC|  |TAMS 0x0000000082a00000, 0x0000000082a00000| Complete 
|   7|0x0000000082b00000, 0x0000000082c00000, 0x0000000082c00000|100%|HC|  |TAMS 0x0000000082b00000, 0x0000000082b00000| Complete 
|   8|0x0000000082c00000, 0x0000000082c00000, 0x0000000082d00000|  0%| F|  |TAMS 0x0000000082c00000, 0x0000000082c00000| Untracked 
|   9|0x0000000082d00000, 0x0000000082d00000, 0x0000000082e00000|  0%| F|  |TAMS 0x0000000082d00000, 0x0000000082d00000| Untracked 
|  10|0x0000000082e00000, 0x0000000082e00000, 0x0000000082f00000|  0%| F|  |TAMS 0x0000000082e00000, 0x0000000082e00000| Untracked 
|  11|0x0000000082f00000, 0x0000000082f00000, 0x0000000083000000|  0%| F|  |TAMS 0x0000000082f00000, 0x0000000082f00000| Untracked 
|  12|0x0000000083000000, 0x0000000083000000, 0x0000000083100000|  0%| F|  |TAMS 0x0000000083000000, 0x0000000083000000| Untracked 
|  13|0x0000000083100000, 0x0000000083100000, 0x0000000083200000|  0%| F|  |TAMS 0x0000000083100000, 0x0000000083100000| Untracked 
|  14|0x0000000083200000, 0x0000000083200000, 0x0000000083300000|  0%| F|  |TAMS 0x0000000083200000, 0x0000000083200000| Untracked 
|  15|0x0000000083300000, 0x0000000083300000, 0x0000000083400000|  0%| F|  |TAMS 0x0000000083300000, 0x0000000083300000| Untracked 
|  16|0x0000000083400000, 0x0000000083400000, 0x0000000083500000|  0%| F|  |TAMS 0x0000000083400000, 0x0000000083400000| Untracked 
|  17|0x0000000083500000, 0x0000000083500000, 0x0000000083600000|  0%| F|  |TAMS 0x0000000083500000, 0x0000000083500000| Untracked 
|  18|0x0000000083600000, 0x0000000083600000, 0x0000000083700000|  0%| F|  |TAMS 0x0000000083600000, 0x0000000083600000| Untracked 
|  19|0x0000000083700000, 0x0000000083700000, 0x0000000083800000|  0%| F|  |TAMS 0x0000000083700000, 0x0000000083700000| Untracked 
|  20|0x0000000083800000, 0x0000000083800000, 0x0000000083900000|  0%| F|  |TAMS 0x0000000083800000, 0x0000000083800000| Untracked 
|  21|0x0000000083900000, 0x0000000083900000, 0x0000000083a00000|  0%| F|  |TAMS 0x0000000083900000, 0x0000000083900000| Untracked 
|  22|0x0000000083a00000, 0x0000000083a00000, 0x0000000083b00000|  0%| F|  |TAMS 0x0000000083a00000, 0x0000000083a00000| Untracked 
|  23|0x0000000083b00000, 0x0000000083b00000, 0x0000000083c00000|  0%| F|  |TAMS 0x0000000083b00000, 0x0000000083b00000| Untracked 
|  24|0x0000000083c00000, 0x0000000083c00000, 0x0000000083d00000|  0%| F|  |TAMS 0x0000000083c00000, 0x0000000083c00000| Untracked 
|  25|0x0000000083d00000, 0x0000000083d00000, 0x0000000083e00000|  0%| F|  |TAMS 0x0000000083d00000, 0x0000000083d00000| Untracked 
|  26|0x0000000083e00000, 0x0000000083e00000, 0x0000000083f00000|  0%| F|  |TAMS 0x0000000083e00000, 0x0000000083e00000| Untracked 
|  27|0x0000000083f00000, 0x0000000083f00000, 0x0000000084000000|  0%| F|  |TAMS 0x0000000083f00000, 0x0000000083f00000| Untracked 
|  28|0x0000000084000000, 0x0000000084000000, 0x0000000084100000|  0%| F|  |TAMS 0x0000000084000000, 0x0000000084000000| Untracked 
|  29|0x0000000084100000, 0x0000000084100000, 0x0000000084200000|  0%| F|  |TAMS 0x0000000084100000, 0x0000000084100000| Untracked 
|  30|0x0000000084200000, 0x0000000084200000, 0x0000000084300000|  0%| F|  |TAMS 0x0000000084200000, 0x0000000084200000| Untracked 
|  31|0x0000000084300000, 0x0000000084300000, 0x0000000084400000|  0%| F|  |TAMS 0x0000000084300000, 0x0000000084300000| Untracked 
|  32|0x0000000084400000, 0x0000000084400000, 0x0000000084500000|  0%| F|  |TAMS 0x0000000084400000, 0x0000000084400000| Untracked 
|  33|0x0000000084500000, 0x0000000084500000, 0x0000000084600000|  0%| F|  |TAMS 0x0000000084500000, 0x0000000084500000| Untracked 
|  34|0x0000000084600000, 0x0000000084600000, 0x0000000084700000|  0%| F|  |TAMS 0x0000000084600000, 0x0000000084600000| Untracked 
|  35|0x0000000084700000, 0x0000000084700000, 0x0000000084800000|  0%| F|  |TAMS 0x0000000084700000, 0x0000000084700000| Untracked 
|  36|0x0000000084800000, 0x0000000084800000, 0x0000000084900000|  0%| F|  |TAMS 0x0000000084800000, 0x0000000084800000| Untracked 
|  37|0x0000000084900000, 0x0000000084900000, 0x0000000084a00000|  0%| F|  |TAMS 0x0000000084900000, 0x0000000084900000| Untracked 
|  38|0x0000000084a00000, 0x0000000084a00000, 0x0000000084b00000|  0%| F|  |TAMS 0x0000000084a00000, 0x0000000084a00000| Untracked 
|  39|0x0000000084b00000, 0x0000000084b00000, 0x0000000084c00000|  0%| F|  |TAMS 0x0000000084b00000, 0x0000000084b00000| Untracked 
|  40|0x0000000084c00000, 0x0000000084c00000, 0x0000000084d00000|  0%| F|  |TAMS 0x0000000084c00000, 0x0000000084c00000| Untracked 
|  41|0x0000000084d00000, 0x0000000084d00000, 0x0000000084e00000|  0%| F|  |TAMS 0x0000000084d00000, 0x0000000084d00000| Untracked 
|  42|0x0000000084e00000, 0x0000000084e00000, 0x0000000084f00000|  0%| F|  |TAMS 0x0000000084e00000, 0x0000000084e00000| Untracked 
|  43|0x0000000084f00000, 0x0000000084f00000, 0x0000000085000000|  0%| F|  |TAMS 0x0000000084f00000, 0x0000000084f00000| Untracked 
|  44|0x0000000085000000, 0x0000000085000000, 0x0000000085100000|  0%| F|  |TAMS 0x0000000085000000, 0x0000000085000000| Untracked 
|  45|0x0000000085100000, 0x0000000085100000, 0x0000000085200000|  0%| F|  |TAMS 0x0000000085100000, 0x0000000085100000| Untracked 
|  46|0x0000000085200000, 0x0000000085200000, 0x0000000085300000|  0%| F|  |TAMS 0x0000000085200000, 0x0000000085200000| Untracked 
|  47|0x0000000085300000, 0x0000000085300000, 0x0000000085400000|  0%| F|  |TAMS 0x0000000085300000, 0x0000000085300000| Untracked 
|  48|0x0000000085400000, 0x0000000085400000, 0x0000000085500000|  0%| F|  |TAMS 0x0000000085400000, 0x0000000085400000| Untracked 
|  49|0x0000000085500000, 0x0000000085500000, 0x0000000085600000|  0%| F|  |TAMS 0x0000000085500000, 0x0000000085500000| Untracked 
|  50|0x0000000085600000, 0x0000000085600000, 0x0000000085700000|  0%| F|  |TAMS 0x0000000085600000, 0x0000000085600000| Untracked 
|  51|0x0000000085700000, 0x0000000085700000, 0x0000000085800000|  0%| F|  |TAMS 0x0000000085700000, 0x0000000085700000| Untracked 
|  52|0x0000000085800000, 0x0000000085800000, 0x0000000085900000|  0%| F|  |TAMS 0x0000000085800000, 0x0000000085800000| Untracked 
|  53|0x0000000085900000, 0x0000000085900000, 0x0000000085a00000|  0%| F|  |TAMS 0x0000000085900000, 0x0000000085900000| Untracked 
|  54|0x0000000085a00000, 0x0000000085a00000, 0x0000000085b00000|  0%| F|  |TAMS 0x0000000085a00000, 0x0000000085a00000| Untracked 
|  55|0x0000000085b00000, 0x0000000085b00000, 0x0000000085c00000|  0%| F|  |TAMS 0x0000000085b00000, 0x0000000085b00000| Untracked 
|  56|0x0000000085c00000, 0x0000000085c00000, 0x0000000085d00000|  0%| F|  |TAMS 0x0000000085c00000, 0x0000000085c00000| Untracked 
|  57|0x0000000085d00000, 0x0000000085d00000, 0x0000000085e00000|  0%| F|  |TAMS 0x0000000085d00000, 0x0000000085d00000| Untracked 
|  58|0x0000000085e00000, 0x0000000085e00000, 0x0000000085f00000|  0%| F|  |TAMS 0x0000000085e00000, 0x0000000085e00000| Untracked 
|  59|0x0000000085f00000, 0x0000000085f00000, 0x0000000086000000|  0%| F|  |TAMS 0x0000000085f00000, 0x0000000085f00000| Untracked 
|  60|0x0000000086000000, 0x0000000086000000, 0x0000000086100000|  0%| F|  |TAMS 0x0000000086000000, 0x0000000086000000| Untracked 
|  61|0x0000000086100000, 0x0000000086100000, 0x0000000086200000|  0%| F|  |TAMS 0x0000000086100000, 0x0000000086100000| Untracked 
|  62|0x0000000086200000, 0x0000000086200000, 0x0000000086300000|  0%| F|  |TAMS 0x0000000086200000, 0x0000000086200000| Untracked 
|  63|0x0000000086300000, 0x0000000086300000, 0x0000000086400000|  0%| F|  |TAMS 0x0000000086300000, 0x0000000086300000| Untracked 
|  64|0x0000000086400000, 0x0000000086400000, 0x0000000086500000|  0%| F|  |TAMS 0x0000000086400000, 0x0000000086400000| Untracked 
|  65|0x0000000086500000, 0x0000000086500000, 0x0000000086600000|  0%| F|  |TAMS 0x0000000086500000, 0x0000000086500000| Untracked 
|  66|0x0000000086600000, 0x0000000086600000, 0x0000000086700000|  0%| F|  |TAMS 0x0000000086600000, 0x0000000086600000| Untracked 
|  67|0x0000000086700000, 0x0000000086700000, 0x0000000086800000|  0%| F|  |TAMS 0x0000000086700000, 0x0000000086700000| Untracked 
|  68|0x0000000086800000, 0x0000000086800000, 0x0000000086900000|  0%| F|  |TAMS 0x0000000086800000, 0x0000000086800000| Untracked 
|  69|0x0000000086900000, 0x0000000086900000, 0x0000000086a00000|  0%| F|  |TAMS 0x0000000086900000, 0x0000000086900000| Untracked 
|  70|0x0000000086a00000, 0x0000000086a00000, 0x0000000086b00000|  0%| F|  |TAMS 0x0000000086a00000, 0x0000000086a00000| Untracked 
|  71|0x0000000086b00000, 0x0000000086b00000, 0x0000000086c00000|  0%| F|  |TAMS 0x0000000086b00000, 0x0000000086b00000| Untracked 
|  72|0x0000000086c00000, 0x0000000086c00000, 0x0000000086d00000|  0%| F|  |TAMS 0x0000000086c00000, 0x0000000086c00000| Untracked 
|  73|0x0000000086d00000, 0x0000000086d00000, 0x0000000086e00000|  0%| F|  |TAMS 0x0000000086d00000, 0x0000000086d00000| Untracked 
|  74|0x0000000086e00000, 0x0000000086e00000, 0x0000000086f00000|  0%| F|  |TAMS 0x0000000086e00000, 0x0000000086e00000| Untracked 
|  75|0x0000000086f00000, 0x0000000086f00000, 0x0000000087000000|  0%| F|  |TAMS 0x0000000086f00000, 0x0000000086f00000| Untracked 
|  76|0x0000000087000000, 0x0000000087000000, 0x0000000087100000|  0%| F|  |TAMS 0x0000000087000000, 0x0000000087000000| Untracked 
|  77|0x0000000087100000, 0x0000000087100000, 0x0000000087200000|  0%| F|  |TAMS 0x0000000087100000, 0x0000000087100000| Untracked 
|  78|0x0000000087200000, 0x000000008724edc8, 0x0000000087300000| 30%| S|CS|TAMS 0x0000000087200000, 0x0000000087200000| Complete 
|  79|0x0000000087300000, 0x0000000087400000, 0x0000000087400000|100%| S|CS|TAMS 0x0000000087300000, 0x0000000087300000| Complete 
|  80|0x0000000087400000, 0x0000000087500000, 0x0000000087500000|100%| S|CS|TAMS 0x0000000087400000, 0x0000000087400000| Complete 
|  81|0x0000000087500000, 0x0000000087600000, 0x0000000087600000|100%| S|CS|TAMS 0x0000000087500000, 0x0000000087500000| Complete 
|  82|0x0000000087600000, 0x0000000087700000, 0x0000000087700000|100%| S|CS|TAMS 0x0000000087600000, 0x0000000087600000| Complete 
|  83|0x0000000087700000, 0x0000000087800000, 0x0000000087800000|100%| S|CS|TAMS 0x0000000087700000, 0x0000000087700000| Complete 
|  84|0x0000000087800000, 0x0000000087900000, 0x0000000087900000|100%| S|CS|TAMS 0x0000000087800000, 0x0000000087800000| Complete 
|  85|0x0000000087900000, 0x0000000087900000, 0x0000000087a00000|  0%| F|  |TAMS 0x0000000087900000, 0x0000000087900000| Untracked 
|  86|0x0000000087a00000, 0x0000000087a00000, 0x0000000087b00000|  0%| F|  |TAMS 0x0000000087a00000, 0x0000000087a00000| Untracked 
|  87|0x0000000087b00000, 0x0000000087b00000, 0x0000000087c00000|  0%| F|  |TAMS 0x0000000087b00000, 0x0000000087b00000| Untracked 
|  88|0x0000000087c00000, 0x0000000087c00000, 0x0000000087d00000|  0%| F|  |TAMS 0x0000000087c00000, 0x0000000087c00000| Untracked 
|  89|0x0000000087d00000, 0x0000000087d00000, 0x0000000087e00000|  0%| F|  |TAMS 0x0000000087d00000, 0x0000000087d00000| Untracked 
|  90|0x0000000087e00000, 0x0000000087e00000, 0x0000000087f00000|  0%| F|  |TAMS 0x0000000087e00000, 0x0000000087e00000| Untracked 
|  91|0x0000000087f00000, 0x0000000087f00000, 0x0000000088000000|  0%| F|  |TAMS 0x0000000087f00000, 0x0000000087f00000| Untracked 
|  92|0x0000000088000000, 0x0000000088000000, 0x0000000088100000|  0%| F|  |TAMS 0x0000000088000000, 0x0000000088000000| Untracked 
|  93|0x0000000088100000, 0x0000000088100000, 0x0000000088200000|  0%| F|  |TAMS 0x0000000088100000, 0x0000000088100000| Untracked 
|  94|0x0000000088200000, 0x0000000088200000, 0x0000000088300000|  0%| F|  |TAMS 0x0000000088200000, 0x0000000088200000| Untracked 
|  95|0x0000000088300000, 0x0000000088300000, 0x0000000088400000|  0%| F|  |TAMS 0x0000000088300000, 0x0000000088300000| Untracked 
|  96|0x0000000088400000, 0x0000000088400000, 0x0000000088500000|  0%| F|  |TAMS 0x0000000088400000, 0x0000000088400000| Untracked 
|  97|0x0000000088500000, 0x0000000088500000, 0x0000000088600000|  0%| F|  |TAMS 0x0000000088500000, 0x0000000088500000| Untracked 
|  98|0x0000000088600000, 0x0000000088600000, 0x0000000088700000|  0%| F|  |TAMS 0x0000000088600000, 0x0000000088600000| Untracked 
|  99|0x0000000088700000, 0x0000000088700000, 0x0000000088800000|  0%| F|  |TAMS 0x0000000088700000, 0x0000000088700000| Untracked 
| 100|0x0000000088800000, 0x0000000088881c10, 0x0000000088900000| 50%| E|  |TAMS 0x0000000088800000, 0x0000000088800000| Complete 
| 101|0x0000000088900000, 0x0000000088a00000, 0x0000000088a00000|100%| E|CS|TAMS 0x0000000088900000, 0x0000000088900000| Complete 
| 102|0x0000000088a00000, 0x0000000088b00000, 0x0000000088b00000|100%| E|CS|TAMS 0x0000000088a00000, 0x0000000088a00000| Complete 
| 103|0x0000000088b00000, 0x0000000088c00000, 0x0000000088c00000|100%| E|CS|TAMS 0x0000000088b00000, 0x0000000088b00000| Complete 
| 104|0x0000000088c00000, 0x0000000088d00000, 0x0000000088d00000|100%| E|CS|TAMS 0x0000000088c00000, 0x0000000088c00000| Complete 
| 105|0x0000000088d00000, 0x0000000088e00000, 0x0000000088e00000|100%| E|CS|TAMS 0x0000000088d00000, 0x0000000088d00000| Complete 
| 106|0x0000000088e00000, 0x0000000088f00000, 0x0000000088f00000|100%| E|CS|TAMS 0x0000000088e00000, 0x0000000088e00000| Complete 
| 107|0x0000000088f00000, 0x0000000089000000, 0x0000000089000000|100%| E|CS|TAMS 0x0000000088f00000, 0x0000000088f00000| Complete 
| 108|0x0000000089000000, 0x0000000089100000, 0x0000000089100000|100%| E|CS|TAMS 0x0000000089000000, 0x0000000089000000| Complete 
| 109|0x0000000089100000, 0x0000000089200000, 0x0000000089200000|100%| E|CS|TAMS 0x0000000089100000, 0x0000000089100000| Complete 
| 110|0x0000000089200000, 0x0000000089300000, 0x0000000089300000|100%| E|CS|TAMS 0x0000000089200000, 0x0000000089200000| Complete 
| 111|0x0000000089300000, 0x0000000089400000, 0x0000000089400000|100%| E|CS|TAMS 0x0000000089300000, 0x0000000089300000| Complete 
| 112|0x0000000089400000, 0x0000000089500000, 0x0000000089500000|100%| E|CS|TAMS 0x0000000089400000, 0x0000000089400000| Complete 
| 113|0x0000000089500000, 0x0000000089600000, 0x0000000089600000|100%| E|CS|TAMS 0x0000000089500000, 0x0000000089500000| Complete 
| 114|0x0000000089600000, 0x0000000089700000, 0x0000000089700000|100%| E|CS|TAMS 0x0000000089600000, 0x0000000089600000| Complete 
| 115|0x0000000089700000, 0x0000000089800000, 0x0000000089800000|100%| E|CS|TAMS 0x0000000089700000, 0x0000000089700000| Complete 
| 116|0x0000000089800000, 0x0000000089900000, 0x0000000089900000|100%| E|CS|TAMS 0x0000000089800000, 0x0000000089800000| Complete 
| 117|0x0000000089900000, 0x0000000089a00000, 0x0000000089a00000|100%| E|CS|TAMS 0x0000000089900000, 0x0000000089900000| Complete 
| 118|0x0000000089a00000, 0x0000000089b00000, 0x0000000089b00000|100%| E|CS|TAMS 0x0000000089a00000, 0x0000000089a00000| Complete 
| 119|0x0000000089b00000, 0x0000000089c00000, 0x0000000089c00000|100%| E|CS|TAMS 0x0000000089b00000, 0x0000000089b00000| Complete 
| 120|0x0000000089c00000, 0x0000000089d00000, 0x0000000089d00000|100%| E|CS|TAMS 0x0000000089c00000, 0x0000000089c00000| Complete 
| 121|0x0000000089d00000, 0x0000000089e00000, 0x0000000089e00000|100%| E|CS|TAMS 0x0000000089d00000, 0x0000000089d00000| Complete 
| 122|0x0000000089e00000, 0x0000000089f00000, 0x0000000089f00000|100%| E|CS|TAMS 0x0000000089e00000, 0x0000000089e00000| Complete 
| 123|0x0000000089f00000, 0x000000008a000000, 0x000000008a000000|100%| E|CS|TAMS 0x0000000089f00000, 0x0000000089f00000| Complete 
| 124|0x000000008a000000, 0x000000008a100000, 0x000000008a100000|100%| E|CS|TAMS 0x000000008a000000, 0x000000008a000000| Complete 
| 125|0x000000008a100000, 0x000000008a200000, 0x000000008a200000|100%| E|CS|TAMS 0x000000008a100000, 0x000000008a100000| Complete 

Card table byte_map: [0x00000149770c0000,0x00000149774b0000] _byte_map_base: 0x0000014976cae000

Marking Bits (Prev, Next): (CMBitMap*) 0x0000014972ea10e0, (CMBitMap*) 0x0000014972ea10a8
 Prev Bits: [0x0000014979810000, 0x000001497b780000)
 Next Bits: [0x00000149778a0000, 0x0000014979810000)

Polling page: 0x0000014970e10000

Metaspace:

Usage:
  Non-class:     24.91 MB capacity,    24.65 MB ( 99%) used,   222.44 KB ( <1%) free+waste,    44.25 KB ( <1%) overhead. 
      Class:      3.20 MB capacity,     3.01 MB ( 94%) used,   167.88 KB (  5%) free+waste,    21.06 KB ( <1%) overhead. 
       Both:     28.11 MB capacity,    27.66 MB ( 98%) used,   390.32 KB (  1%) free+waste,    65.31 KB ( <1%) overhead. 

Virtual space:
  Non-class space:       26.00 MB reserved,      25.00 MB ( 96%) committed 
      Class space:        1.00 GB reserved,       3.30 MB ( <1%) committed 
             Both:        1.03 GB reserved,      28.30 MB (  3%) committed 

Chunk freelists:
   Non-Class:  30.00 KB
       Class:  22.00 KB
        Both:  52.00 KB

MaxMetaspaceSize: 17179869184.00 GB
CompressedClassSpaceSize: 1.00 GB
Initial GC threshold: 20.80 MB
Current GC threshold: 34.87 MB
CDS: off

CodeHeap 'non-profiled nmethods': size=120000Kb used=762Kb max_used=762Kb free=119237Kb
 bounds [0x0000014907ad0000, 0x0000014907d40000, 0x000001490f000000]
CodeHeap 'profiled nmethods': size=120000Kb used=3493Kb max_used=3493Kb free=116507Kb
 bounds [0x00000149005a0000, 0x0000014900910000, 0x0000014907ad0000]
CodeHeap 'non-nmethods': size=5760Kb used=1235Kb max_used=1246Kb free=4524Kb
 bounds [0x0000014900000000, 0x0000014900270000, 0x00000149005a0000]
 total_blobs=2502 nmethods=1991 adapters=423
 compilation: enabled
              stopped_count=0, restarted_count=0
 full_count=0

Compilation events (20 events):
Event: 1.849 Thread 0x000001497eaf9000 1982       3       java.lang.invoke.DirectMethodHandle::make (263 bytes)
Event: 1.850 Thread 0x000001497eaf9000 nmethod 1982 0x00000149008ff990 code [0x00000149008ffd40, 0x0000014900901268]
Event: 1.850 Thread 0x000001497eaf9000 1983       3       java.lang.invoke.MemberName::isField (7 bytes)
Event: 1.851 Thread 0x000001497eaf9000 nmethod 1983 0x0000014900901b90 code [0x0000014900901d40, 0x0000014900901f78]
Event: 1.854 Thread 0x000001497eaf9000 1985       3       java.lang.Class::newReflectionData (66 bytes)
Event: 1.854 Thread 0x000001497eaf9000 nmethod 1985 0x0000014900902090 code [0x00000149009022c0, 0x0000014900902c08]
Event: 1.862 Thread 0x000001497eaf9000 1987       3       java.lang.invoke.AbstractValidatingLambdaMetafactory::isAdaptableTo (126 bytes)
Event: 1.862 Thread 0x000001497eaf9000 nmethod 1987 0x0000014900902f10 code [0x00000149009031a0, 0x0000014900903b48]
Event: 1.862 Thread 0x000001497eaf9000 1988       3       java.lang.invoke.ConstantCallSite::getTarget (20 bytes)
Event: 1.862 Thread 0x000001497eaf9000 nmethod 1988 0x0000014900903f10 code [0x00000149009040e0, 0x00000149009042e8]
Event: 1.862 Thread 0x000001497eaf9000 1986       1       java.lang.invoke.MethodHandleNatives::isPullModeBSM (2 bytes)
Event: 1.862 Thread 0x000001497eaf9000 nmethod 1986 0x0000014907b8e710 code [0x0000014907b8e8c0, 0x0000014907b8e958]
Event: 1.866 Thread 0x000001497eaf9000 1989       3       java.lang.reflect.Modifier::isVolatile (13 bytes)
Event: 1.866 Thread 0x000001497eaf9000 nmethod 1989 0x0000014900904410 code [0x00000149009045c0, 0x00000149009046f8]
Event: 1.866 Thread 0x000001497eaf9000 1990       3       jdk.internal.org.objectweb.asm.MethodWriter::noSuccessor (95 bytes)
Event: 1.866 Thread 0x000001497eaf9000 nmethod 1990 0x0000014900904790 code [0x00000149009049a0, 0x0000014900904fa8]
Event: 1.866 Thread 0x000001497eaf9000 1991       3       sun.invoke.util.VerifyAccess::isMemberAccessible (313 bytes)
Event: 1.869 Thread 0x000001497eaf9000 nmethod 1991 0x0000014900905190 code [0x0000014900905660, 0x0000014900907808]
Event: 1.869 Thread 0x000001497eaf9000 1992       3       jdk.internal.org.objectweb.asm.MethodWriter::visitLabel (321 bytes)
Event: 1.870 Thread 0x000001497eaf9000 nmethod 1992 0x0000014900908290 code [0x00000149009084e0, 0x0000014900909128]

GC Heap History (4 events):
Event: 0.638 GC heap before
{Heap before GC invocations=0 (full 0):
 garbage-first heap   total 129024K, used 28672K [0x0000000082400000, 0x0000000100000000)
  region size 1024K, 24 young (24576K), 0 survivors (0K)
 Metaspace       used 11789K, capacity 11890K, committed 12160K, reserved 1060864K
  class space    used 1076K, capacity 1109K, committed 1152K, reserved 1048576K
}
Event: 0.642 GC heap after
{Heap after GC invocations=1 (full 0):
 garbage-first heap   total 129024K, used 6807K [0x0000000082400000, 0x0000000100000000)
  region size 1024K, 3 young (3072K), 3 survivors (3072K)
 Metaspace       used 11789K, capacity 11890K, committed 12160K, reserved 1060864K
  class space    used 1076K, capacity 1109K, committed 1152K, reserved 1048576K
}
Event: 1.356 GC heap before
{Heap before GC invocations=1 (full 0):
 garbage-first heap   total 129024K, used 44695K [0x0000000082400000, 0x0000000100000000)
  region size 1024K, 41 young (41984K), 3 survivors (3072K)
 Metaspace       used 20999K, capacity 21199K, committed 21296K, reserved 1069056K
  class space    used 2228K, capacity 2308K, committed 2352K, reserved 1048576K
}
Event: 1.369 GC heap after
{Heap after GC invocations=2 (full 0):
 garbage-first heap   total 129024K, used 10555K [0x0000000082400000, 0x0000000100000000)
  region size 1024K, 7 young (7168K), 7 survivors (7168K)
 Metaspace       used 20999K, capacity 21199K, committed 21296K, reserved 1069056K
  class space    used 2228K, capacity 2308K, committed 2352K, reserved 1048576K
}

Deoptimization events (20 events):
Event: 1.632 Thread 0x0000014972e61800 Uncommon trap: trap_request=0xffffffde fr.pc=0x0000014907b66094 relative=0x00000000000012d4
Event: 1.632 Thread 0x0000014972e61800 Uncommon trap: reason=class_check action=maybe_recompile pc=0x0000014907b66094 method=java.util.zip.InflaterInputStream.read([BII)I @ 100 c2
Event: 1.632 Thread 0x0000014972e61800 DEOPT PACKING pc=0x0000014907b66094 sp=0x00000022beefe540
Event: 1.632 Thread 0x0000014972e61800 DEOPT UNPACKING pc=0x000001490004a1af sp=0x00000022beefe5a0 mode 2
Event: 1.648 Thread 0x0000014972e61800 Uncommon trap: trap_request=0xffffffcc fr.pc=0x0000014907b7f774 relative=0x00000000000001b4
Event: 1.648 Thread 0x0000014972e61800 Uncommon trap: reason=intrinsic_or_type_checked_inlining action=make_not_entrant pc=0x0000014907b7f774 method=java.util.Arrays.copyOf([Ljava/lang/Object;ILjava/lang/Class;)[Ljava/lang/Object; @ 35 c2
Event: 1.648 Thread 0x0000014972e61800 DEOPT PACKING pc=0x0000014907b7f774 sp=0x00000022beefc340
Event: 1.648 Thread 0x0000014972e61800 DEOPT UNPACKING pc=0x000001490004a1af sp=0x00000022beefc2e8 mode 2
Event: 1.694 Thread 0x0000014972e61800 Uncommon trap: trap_request=0xffffff4d fr.pc=0x0000014907b338e8 relative=0x00000000000005a8
Event: 1.694 Thread 0x0000014972e61800 Uncommon trap: reason=unstable_if action=reinterpret pc=0x0000014907b338e8 method=java.lang.Integer.getChars(II[B)I @ 25 c2
Event: 1.694 Thread 0x0000014972e61800 DEOPT PACKING pc=0x0000014907b338e8 sp=0x00000022beefe5d0
Event: 1.694 Thread 0x0000014972e61800 DEOPT UNPACKING pc=0x000001490004a1af sp=0x00000022beefe4c0 mode 2
Event: 1.760 Thread 0x0000014972e61800 Uncommon trap: trap_request=0xffffff4d fr.pc=0x0000014907b07348 relative=0x0000000000000588
Event: 1.760 Thread 0x0000014972e61800 Uncommon trap: reason=unstable_if action=reinterpret pc=0x0000014907b07348 method=java.lang.Integer.getChars(II[B)I @ 25 c2
Event: 1.760 Thread 0x0000014972e61800 DEOPT PACKING pc=0x0000014907b07348 sp=0x00000022beefd210
Event: 1.760 Thread 0x0000014972e61800 DEOPT UNPACKING pc=0x000001490004a1af sp=0x00000022beefd168 mode 2
Event: 1.778 Thread 0x0000014972e61800 Uncommon trap: trap_request=0xffffff4d fr.pc=0x0000014907b595dc relative=0x00000000000001bc
Event: 1.778 Thread 0x0000014972e61800 Uncommon trap: reason=unstable_if action=reinterpret pc=0x0000014907b595dc method=java.lang.String.startsWith(Ljava/lang/String;I)Z @ 1 c2
Event: 1.778 Thread 0x0000014972e61800 DEOPT PACKING pc=0x0000014907b595dc sp=0x00000022beefdd20
Event: 1.778 Thread 0x0000014972e61800 DEOPT UNPACKING pc=0x000001490004a1af sp=0x00000022beefdc90 mode 2

Classes redefined (0 events):
No events

Internal exceptions (20 events):
Event: 1.056 Thread 0x0000014972e61800 Exception <a 'java/lang/NoSuchMethodError'{0x0000000088a02610}: 'long java.lang.invoke.Invokers$Holder.invoke_MT(java.lang.Object, java.lang.Object, java.lang.Object, java.lang.Object)'> (0x0000000088a02610) thrown at [src/hotspot/share/interpreter/linkResolver.cpp, line 773]
Event: 1.056 Thread 0x0000014972e61800 Exception <a 'java/lang/NoSuchMethodError'{0x0000000088a05c90}: 'long java.lang.invoke.DelegatingMethodHandle$Holder.reinvoke_L(java.lang.Object, java.lang.Object, java.lang.Object)'> (0x0000000088a05c90) thrown at [src/hotspot/share/interpreter/linkResolver.cpp, line 773]
Event: 1.058 Thread 0x0000014972e61800 Exception <a 'java/lang/NoSuchMethodError'{0x0000000088a0f950}: 'int java.lang.invoke.DirectMethodHandle$Holder.invokeSpecial(java.lang.Object, java.lang.Object, java.lang.Object, java.lang.Object)'> (0x0000000088a0f950) thrown at [src/hotspot/share/interpreter/linkResolver.cpp, line 773]
Event: 1.060 Thread 0x0000014972e61800 Exception <a 'java/lang/NoSuchMethodError'{0x0000000088a1e730}: 'int java.lang.invoke.DelegatingMethodHandle$Holder.reinvoke_L(java.lang.Object, java.lang.Object, java.lang.Object, long, int)'> (0x0000000088a1e730) thrown at [src/hotspot/share/interpreter/linkResolver.cpp, line 773]
Event: 1.302 Thread 0x0000014972e61800 Exception <a 'java/lang/NoSuchMethodError'{0x0000000087c715c0}: 'java.lang.Object java.lang.invoke.DirectMethodHandle$Holder.invokeStaticInit(java.lang.Object, int)'> (0x0000000087c715c0) thrown at [src/hotspot/share/interpreter/linkResolver.cpp, line 773]
Event: 1.331 Thread 0x0000014972e61800 Exception <a 'java/lang/NoSuchMethodError'{0x0000000087a4aa20}: 'long java.lang.invoke.DirectMethodHandle$Holder.invokeStatic(java.lang.Object)'> (0x0000000087a4aa20) thrown at [src/hotspot/share/interpreter/linkResolver.cpp, line 773]
Event: 1.331 Thread 0x0000014972e61800 Exception <a 'java/lang/NoSuchMethodError'{0x0000000087a4d878}: 'long java.lang.invoke.DirectMethodHandle$Holder.invokeStaticInit(java.lang.Object)'> (0x0000000087a4d878) thrown at [src/hotspot/share/interpreter/linkResolver.cpp, line 773]
Event: 1.353 Thread 0x0000014972e61800 Exception <a 'java/lang/NoSuchMethodError'{0x0000000087989a68}: 'int java.lang.invoke.DirectMethodHandle$Holder.invokeSpecialIFC(java.lang.Object, java.lang.Object, int)'> (0x0000000087989a68) thrown at [src/hotspot/share/interpreter/linkResolver.cpp, line 773]
Event: 1.408 Thread 0x0000014972e61800 Exception <a 'java/lang/NoSuchMethodError'{0x0000000089ffa3b8}: 'int java.lang.invoke.DirectMethodHandle$Holder.invokeStaticInit(java.lang.Object, java.lang.Object, java.lang.Object)'> (0x0000000089ffa3b8) thrown at [src/hotspot/share/interpreter/linkResolver.cpp, line 773]
Event: 1.412 Thread 0x0000014972e61800 Exception <a 'java/lang/NoSuchMethodError'{0x0000000089e260f0}: 'int java.lang.invoke.DirectMethodHandle$Holder.invokeStaticInit(java.lang.Object, java.lang.Object)'> (0x0000000089e260f0) thrown at [src/hotspot/share/interpreter/linkResolver.cpp, line 773]
Event: 1.465 Thread 0x0000014972e61800 Exception <a 'java/lang/NoSuchMethodError'{0x0000000089c39a88}: 'void java.lang.invoke.DirectMethodHandle$Holder.invokeSpecial(java.lang.Object, java.lang.Object)'> (0x0000000089c39a88) thrown at [src/hotspot/share/interpreter/linkResolver.cpp, line 773]
Event: 1.646 Thread 0x0000014972e61800 Exception <a 'java/lang/NoSuchMethodError'{0x00000000894e8428}: 'java.lang.Object java.lang.invoke.DirectMethodHandle$Holder.invokeStatic(java.lang.Object, java.lang.Object, java.lang.Object, java.lang.Object, java.lang.Object, java.lang.Object, java.lang.Object, java.lang.Object, java.lang.Object, java.lang.Object, java.lang.Object, java.lang.Object, java.lang.Object, java.lang.Object, java.lang.Object)'> (0x00000000894e8428) thrown at [src/hotspot/share/interpreter/linkResolver.cpp, line 773]
Event: 1.648 Thread 0x0000014972e61800 Exception <a 'java/lang/NoSuchMethodError'{0x00000000894f6430}: 'java.lang.Object java.lang.invoke.DirectMethodHandle$Holder.invokeStatic(java.lang.Object, java.lang.Object, java.lang.Object, java.lang.Object, java.lang.Object, java.lang.Object, java.lang.Object, java.lang.Object, java.lang.Object, java.lang.Object, java.lang.Object, java.lang.Object, java.lang.Object, java.lang.Object, java.lang.Object, java.lang.Object)'> (0x00000000894f6430) thrown at [src/hotspot/share/interpreter/linkResolver.cpp, lin
Event: 1.649 Thread 0x0000014972e61800 Exception <a 'java/lang/NoSuchMethodError'{0x0000000089304818}: 'java.lang.Object java.lang.invoke.DirectMethodHandle$Holder.invokeSpecial(java.lang.Object, java.lang.Object, int, int, java.lang.Object, java.lang.Object, java.lang.Object)'> (0x0000000089304818) thrown at [src/hotspot/share/interpreter/linkResolver.cpp, line 773]
Event: 1.649 Thread 0x0000014972e61800 Exception <a 'java/lang/NoSuchMethodError'{0x0000000089308050}: 'java.lang.Object java.lang.invoke.DelegatingMethodHandle$Holder.reinvoke_L(java.lang.Object, int, int, java.lang.Object, java.lang.Object, java.lang.Object)'> (0x0000000089308050) thrown at [src/hotspot/share/interpreter/linkResolver.cpp, line 773]
Event: 1.650 Thread 0x0000014972e61800 Exception <a 'java/lang/NoSuchMethodError'{0x000000008930c3d8}: 'java.lang.Object java.lang.invoke.DirectMethodHandle$Holder.invokeStatic(java.lang.Object, java.lang.Object, java.lang.Object, java.lang.Object, int)'> (0x000000008930c3d8) thrown at [src/hotspot/share/interpreter/linkResolver.cpp, line 773]
Event: 1.696 Thread 0x0000014972e61800 Exception <a 'java/lang/NoSuchMethodError'{0x0000000089231e10}: 'void java.lang.invoke.DirectMethodHandle$Holder.invokeStatic(java.lang.Object, java.lang.Object, java.lang.Object, java.lang.Object)'> (0x0000000089231e10) thrown at [src/hotspot/share/interpreter/linkResolver.cpp, line 773]
Event: 1.756 Thread 0x0000014972e61800 Exception <a 'java/lang/NoSuchMethodError'{0x0000000088e193d0}: 'void java.lang.invoke.DirectMethodHandle$Holder.invokeStaticInit(java.lang.Object, java.lang.Object)'> (0x0000000088e193d0) thrown at [src/hotspot/share/interpreter/linkResolver.cpp, line 773]
Event: 1.839 Thread 0x0000014972e61800 Exception <a 'java/lang/NoSuchMethodError'{0x0000000088a79c48}: 'void java.lang.invoke.DirectMethodHandle$Holder.invokeVirtual(java.lang.Object, java.lang.Object)'> (0x0000000088a79c48) thrown at [src/hotspot/share/interpreter/linkResolver.cpp, line 773]
Event: 1.849 Thread 0x0000014972e61800 Exception <a 'java/lang/NoSuchMethodError'{0x000000008890ddb0}: 'int java.lang.invoke.DirectMethodHandle$Holder.invokeVirtual(java.lang.Object, java.lang.Object)'> (0x000000008890ddb0) thrown at [src/hotspot/share/interpreter/linkResolver.cpp, line 773]

Events (20 events):
Event: 1.870 loading class org/jetbrains/kotlin/psi/stubs/elements/KtStringTemplateExpressionElementType
Event: 1.870 loading class org/jetbrains/kotlin/psi/stubs/elements/KtStringTemplateExpressionElementType done
Event: 1.870 loading class org/jetbrains/kotlin/psi/stubs/elements/KtClassElementType
Event: 1.870 loading class org/jetbrains/kotlin/psi/stubs/elements/KtClassElementType done
Event: 1.871 loading class org/jetbrains/kotlin/psi/KtClass
Event: 1.871 loading class org/jetbrains/kotlin/psi/KtClass done
Event: 1.871 loading class org/jetbrains/kotlin/psi/KtClassOrObject
Event: 1.871 loading class org/jetbrains/kotlin/psi/KtClassOrObject done
Event: 1.871 loading class org/jetbrains/kotlin/psi/KtClassLikeDeclaration
Event: 1.871 loading class org/jetbrains/kotlin/psi/KtClassLikeDeclaration done
Event: 1.871 loading class org/jetbrains/kotlin/psi/KtNamedDeclaration
Event: 1.871 loading class org/jetbrains/kotlin/psi/KtNamedDeclaration done
Event: 1.871 loading class org/jetbrains/kotlin/psi/KtDeclaration
Event: 1.871 loading class org/jetbrains/kotlin/psi/KtDeclaration done
Event: 1.872 loading class org/jetbrains/kotlin/psi/KtExpression
Event: 1.872 loading class org/jetbrains/kotlin/psi/KtExpression done
Event: 1.873 loading class org/jetbrains/kotlin/psi/KtNamed
Event: 1.873 loading class org/jetbrains/kotlin/psi/KtNamed done
Event: 1.873 loading class org/jetbrains/kotlin/psi/KtStatementExpression
Event: 1.873 loading class org/jetbrains/kotlin/psi/KtStatementExpression done


Dynamic libraries:
0x00007ff775be0000 - 0x00007ff775bea000 	C:\Program Files\Android\Android Studio\jbr\bin\java.exe
0x00007ffb9e950000 - 0x00007ffb9eb48000 	C:\WINDOWS\SYSTEM32\ntdll.dll
0x00007ffb9e680000 - 0x00007ffb9e73f000 	C:\WINDOWS\System32\KERNEL32.DLL
0x00007ffb9c3b0000 - 0x00007ffb9c682000 	C:\WINDOWS\System32\KERNELBASE.dll
0x00007ffb9c040000 - 0x00007ffb9c140000 	C:\WINDOWS\System32\ucrtbase.dll
0x00007ffb92c70000 - 0x00007ffb92c87000 	C:\Program Files\Android\Android Studio\jbr\bin\jli.dll
0x00007ffb97640000 - 0x00007ffb9765b000 	C:\Program Files\Android\Android Studio\jbr\bin\VCRUNTIME140.dll
0x00007ffb9e760000 - 0x00007ffb9e901000 	C:\WINDOWS\System32\USER32.dll
0x00007ffb9c690000 - 0x00007ffb9c6b2000 	C:\WINDOWS\System32\win32u.dll
0x00007ffb9e650000 - 0x00007ffb9e67b000 	C:\WINDOWS\System32\GDI32.dll
0x00007ffb9c760000 - 0x00007ffb9c86f000 	C:\WINDOWS\System32\gdi32full.dll
0x00007ffb83290000 - 0x00007ffb8352a000 	C:\WINDOWS\WinSxS\amd64_microsoft.windows.common-controls_6595b64144ccf1df_6.0.19041.1110_none_60b5254171f9507e\COMCTL32.dll
0x00007ffb9c6c0000 - 0x00007ffb9c75d000 	C:\WINDOWS\System32\msvcp_win.dll
0x00007ffb9ce80000 - 0x00007ffb9cf1e000 	C:\WINDOWS\System32\msvcrt.dll
0x00007ffb9cdb0000 - 0x00007ffb9cde2000 	C:\WINDOWS\System32\IMM32.DLL
0x00007ffb95000000 - 0x00007ffb9500c000 	C:\Program Files\Android\Android Studio\jbr\bin\vcruntime140_1.dll
0x00007ffb848c0000 - 0x00007ffb8494d000 	C:\Program Files\Android\Android Studio\jbr\bin\msvcp140.dll
0x00007ffb58bb0000 - 0x00007ffb5976c000 	C:\Program Files\Android\Android Studio\jbr\bin\server\jvm.dll
0x00007ffb9db80000 - 0x00007ffb9dc2e000 	C:\WINDOWS\System32\ADVAPI32.dll
0x00007ffb9e310000 - 0x00007ffb9e3ac000 	C:\WINDOWS\System32\sechost.dll
0x00007ffb9e1e0000 - 0x00007ffb9e305000 	C:\WINDOWS\System32\RPCRT4.dll
0x00007ffb9cda0000 - 0x00007ffb9cda8000 	C:\WINDOWS\System32\PSAPI.DLL
0x00007ffb83120000 - 0x00007ffb83129000 	C:\WINDOWS\SYSTEM32\WSOCK32.dll
0x00007ffb86020000 - 0x00007ffb86047000 	C:\WINDOWS\SYSTEM32\WINMM.dll
0x00007ffb9e410000 - 0x00007ffb9e47b000 	C:\WINDOWS\System32\WS2_32.dll
0x00007ffb8f3b0000 - 0x00007ffb8f3ba000 	C:\WINDOWS\SYSTEM32\VERSION.dll
0x00007ffb9a880000 - 0x00007ffb9a892000 	C:\WINDOWS\SYSTEM32\kernel.appcore.dll
0x00007ffb975f0000 - 0x00007ffb97600000 	C:\Program Files\Android\Android Studio\jbr\bin\verify.dll
0x00007ffb96960000 - 0x00007ffb96b44000 	C:\WINDOWS\SYSTEM32\DBGHELP.DLL
0x00007ffb83080000 - 0x00007ffb830b5000 	C:\WINDOWS\SYSTEM32\dbgcore.DLL
0x00007ffb9c170000 - 0x00007ffb9c1f2000 	C:\WINDOWS\System32\bcryptPrimitives.dll
0x00007ffb928f0000 - 0x00007ffb92918000 	C:\Program Files\Android\Android Studio\jbr\bin\java.dll
0x00007ffb971e0000 - 0x00007ffb971ea000 	C:\Program Files\Android\Android Studio\jbr\bin\jimage.dll
0x00007ffb95cd0000 - 0x00007ffb95ce8000 	C:\Program Files\Android\Android Studio\jbr\bin\zip.dll
0x00007ffb9cf20000 - 0x00007ffb9d665000 	C:\WINDOWS\System32\SHELL32.dll
0x00007ffb99cd0000 - 0x00007ffb9a462000 	C:\WINDOWS\SYSTEM32\windows.storage.dll
0x00007ffb9d670000 - 0x00007ffb9d9c5000 	C:\WINDOWS\System32\combase.dll
0x00007ffb9baa0000 - 0x00007ffb9bad0000 	C:\WINDOWS\SYSTEM32\Wldp.dll
0x00007ffb9e480000 - 0x00007ffb9e52d000 	C:\WINDOWS\System32\SHCORE.dll
0x00007ffb9cc10000 - 0x00007ffb9cc65000 	C:\WINDOWS\System32\shlwapi.dll
0x00007ffb9bf80000 - 0x00007ffb9bf9f000 	C:\WINDOWS\SYSTEM32\profapi.dll
0x00007ffb975d0000 - 0x00007ffb975e9000 	C:\Program Files\Android\Android Studio\jbr\bin\net.dll
0x00007ffb99330000 - 0x00007ffb9943c000 	C:\WINDOWS\SYSTEM32\WINHTTP.dll
0x00007ffb9b800000 - 0x00007ffb9b86a000 	C:\WINDOWS\system32\mswsock.dll
0x00007ffb95cf0000 - 0x00007ffb95d03000 	C:\Program Files\Android\Android Studio\jbr\bin\nio.dll

dbghelp: loaded successfully - version: 4.0.5 - missing functions: none
symbol engine: initialized successfully - sym options: 0x614 - pdb path: .;C:\Program Files\Android\Android Studio\jbr\bin;C:\WINDOWS\SYSTEM32;C:\WINDOWS\WinSxS\amd64_microsoft.windows.common-controls_6595b64144ccf1df_6.0.19041.1110_none_60b5254171f9507e;C:\Program Files\Android\Android Studio\jbr\bin\server

VM Arguments:
java_command: org.jetbrains.kotlin.cli.jvm.K2JVMCompiler @C:\src\AndroidStudioProjects\Android_Tutorial_Kotlin\app\build\20230301_8934120744697714692.compiler.options
java_class_path (initial): C:\Users\leeji\.gradle\caches\modules-2\files-2.1\org.jetbrains.kotlin\kotlin-compiler-embeddable\1.8.0\eb9118d4bcceaa2a94b2ae2a33a4ddba7c9a947f\kotlin-compiler-embeddable-1.8.0.jar;C:\Users\leeji\.gradle\caches\modules-2\files-2.1\org.jetbrains.kotlin\kotlin-stdlib\1.8.0\1796921c7a3e2e2665a83e6c8d33399336cd39bc\kotlin-stdlib-1.8.0.jar;C:\Users\leeji\.gradle\caches\modules-2\files-2.1\org.jetbrains.kotlin\kotlin-script-runtime\1.8.0\b2f7e760d283cb339974851c222a4c1d48f2d3d\kotlin-script-runtime-1.8.0.jar;C:\Users\leeji\.gradle\caches\modules-2\files-2.1\org.jetbrains.kotlin\kotlin-reflect\1.6.10\1cbe9c92c12a94eea200d23c2bbaedaf3daf5132\kotlin-reflect-1.6.10.jar;C:\Users\leeji\.gradle\caches\modules-2\files-2.1\org.jetbrains.kotlin\kotlin-daemon-embeddable\1.8.0\d255216c551685dc3a7e852b53617f5f01aaaa5c\kotlin-daemon-embeddable-1.8.0.jar;C:\Users\leeji\.gradle\caches\modules-2\files-2.1\org.jetbrains.intellij.deps\trove4j\1.0.20200330\3afb14d5f9ceb459d724e907a21145e8ff394f02\trove4j-1.0.20200330.jar;C:\Users\leeji\.gradle\caches\modules-2\files-2.1\net.java.dev.jna\jna\5.6.0\330f2244e9030119ab3030fc3fededc86713d9cc\jna-5.6.0.jar;C:\Users\leeji\.gradle\caches\modules-2\files-2.1\org.jetbrains.kotlin\kotlin-stdlib-common\1.8.0\f7197e7cc76453ac59f8b0f8d5137cc600becd36\kotlin-stdlib-common-1.8.0.jar;C:\Users\leeji\.gradle\caches\modules-2\files-2.1\org.jetbrains\annotations\13.0\919f0dfe192fb4e063e7dacadee7f8bb9a2672a9\annotations-13.0.jar
Launcher Type: SUN_STANDARD

[Global flags]
     intx CICompilerCount                          = 4                                         {product} {ergonomic}
     uint ConcGCThreads                            = 2                                         {product} {ergonomic}
     uint G1ConcRefinementThreads                  = 8                                         {product} {ergonomic}
   size_t G1HeapRegionSize                         = 1048576                                   {product} {ergonomic}
    uintx GCDrainStackTargetSize                   = 64                                        {product} {ergonomic}
   size_t InitialHeapSize                          = 132120576                                 {product} {ergonomic}
   size_t MarkStackSize                            = 4194304                                   {product} {ergonomic}
   size_t MaxHeapSize                              = 2109734912                                {product} {ergonomic}
   size_t MaxNewSize                               = 1265631232                                {product} {ergonomic}
   size_t MinHeapDeltaBytes                        = 1048576                                   {product} {ergonomic}
    uintx NonNMethodCodeHeapSize                   = 5836300                                {pd product} {ergonomic}
    uintx NonProfiledCodeHeapSize                  = 122910970                              {pd product} {ergonomic}
    uintx ProfiledCodeHeapSize                     = 122910970                              {pd product} {ergonomic}
    uintx ReservedCodeCacheSize                    = 251658240                              {pd product} {ergonomic}
     bool SegmentedCodeCache                       = true                                      {product} {ergonomic}
     bool UseCompressedClassPointers               = true                                 {lp64_product} {ergonomic}
     bool UseCompressedOops                        = true                                 {lp64_product} {ergonomic}
     bool UseG1GC                                  = true                                      {product} {ergonomic}
     bool UseLargePagesIndividualAllocation        = false                                  {pd product} {ergonomic}

Logging:
Log output configuration:
 #0: stdout all=warning uptime,level,tags
 #1: stderr all=off uptime,level,tags

Environment Variables:
JAVA_HOME=C:\Program Files\Java\jdk-11.0.13
PATH=C:\Program Files\Common Files\Oracle\Java\javapath;C:\WINDOWS\system32;C:\WINDOWS;C:\WINDOWS\System32\Wbem;C:\WINDOWS\System32\WindowsPowerShell\v1.0\;C:\WINDOWS\System32\OpenSSH\;C:\Users\leeji\AppData\Local\Packages\Microsoft.MicrosoftEdge_8wekyb3d8bbwe\TempState\Downloads\jdk-12.0.2_windows-x64_bin (1).zip\bin;C:\Program Files\Java\jdk-12.0.2\bin;C:\Program Files\Intel\WiFi\bin\;C:\Program Files\Common Files\Intel\WirelessCommon\;C:\Users\leeji\Downloads\flutter_windows_2.8.1-stable\flutter\bin;C:\Users\leeji\flutter_windows_2.8.1-stable\flutter\bin;C:\Users\leeji\flutter;C:\Program Files\Java\jdk-11.0.13\bin\;C:\Program Files\Microsoft SQL Server\130\Tools\Binn\;C:\Program Files\nodejs\;C:\Program Files\Git\cmd;C:\Users\leeji\AppData\Roaming\npm;C:\Users\leeji\AppData\Local\Programs\Microsoft VS Code\bin;C:\src\flutter\bin;
USERNAME=leeji
OS=Windows_NT
PROCESSOR_IDENTIFIER=Intel64 Family 6 Model 142 Stepping 10, GenuineIntel



---------------  S Y S T E M  ---------------

OS: Windows 10 , 64 bit Build 19041 (10.0.19041.2546)
OS uptime: 0 days 12:16 hours
Hyper-V role detected

CPU:total 8 (initial active 8) (4 cores per cpu, 2 threads per core) family 6 model 142 stepping 10 microcode 0xca, cmov, cx8, fxsr, mmx, sse, sse2, sse3, ssse3, sse4.1, sse4.2, popcnt, avx, avx2, aes, clmul, erms, 3dnowpref, lzcnt, ht, tsc, tscinvbit, bmi1, bmi2, adx, fma

Memory: 4k page, system-wide physical 8046M (803M free)
TotalPageFile size 9947M (AvailPageFile size 92M)
current process WorkingSet (physical memory assigned to process): 155M, peak: 155M
current process commit charge ("private bytes"): 264M, peak: 264M

vm_info: OpenJDK 64-Bit Server VM (11.0.15+0-b2043.56-9505619) for windows-amd64 JRE (11.0.15+0-b2043.56-9505619), built on Jan 19 2023 02:48:00 by "builduser" with unknown MS VC++:1929

END.
