#
# There is insufficient memory for the Java Runtime Environment to continue.
# Native memory allocation (mmap) failed to map 132120576 bytes for Failed to commit area from 0x0000000082400000 to 0x000000008a200000 of length 132120576.
# Possible reasons:
#   The system is out of physical RAM or swap space
#   The process is running with CompressedOops enabled, and the Java Heap may be blocking the growth of the native heap
# Possible solutions:
#   Reduce memory load on the system
#   Increase physical memory or swap space
#   Check if swap backing store is full
#   Decrease Java heap size (-Xmx/-Xms)
#   Decrease number of Java threads
#   Decrease Java thread stack sizes (-Xss)
#   Set larger code cache with -XX:ReservedCodeCacheSize=
# This output file may be truncated or incomplete.
#
#  Out of Memory Error (src/hotspot/os/windows/os_windows.cpp:3627), pid=13008, tid=20248
#
# JRE version:  (11.0.15) (build )
# Java VM: OpenJDK 64-Bit Server VM (11.0.15+0-b2043.56-9505619, mixed mode, sharing, tiered, compressed oops, g1 gc, windows-amd64)
# No core dump will be written. Minidumps are not enabled by default on client versions of Windows
#

---------------  S U M M A R Y ------------

Command Line: org.jetbrains.kotlin.cli.jvm.K2JVMCompiler @C:\src\AndroidStudioProjects\Android_Tutorial_Kotlin\app\build\20230301_15688710517151262727.compiler.options

Host: Intel(R) Core(TM) i5-8250U CPU @ 1.60GHz, 8 cores, 7G,  Windows 10 , 64 bit Build 19041 (10.0.19041.2546)
Time: Wed Mar  1 00:49:17 2023  Windows 10 , 64 bit Build 19041 (10.0.19041.2546) elapsed time: 0.033128 seconds (0d 0h 0m 0s)

---------------  T H R E A D  ---------------

Current thread (0x000002817d291800):  JavaThread "Unknown thread" [_thread_in_vm, id=20248, stack(0x000000fbe9b00000,0x000000fbe9c00000)]

Stack: [0x000000fbe9b00000,0x000000fbe9c00000]
Native frames: (J=compiled Java code, j=interpreted, Vv=VM code, C=native code)
V  [jvm.dll+0x64135a]
V  [jvm.dll+0x7d39f9]
V  [jvm.dll+0x7d51b9]
V  [jvm.dll+0x7d58a3]
V  [jvm.dll+0x2691c5]
V  [jvm.dll+0x63e4e9]
V  [jvm.dll+0x632985]
V  [jvm.dll+0x3231ac]
V  [jvm.dll+0x323032]
V  [jvm.dll+0x327c06]
V  [jvm.dll+0x36ffa2]
V  [jvm.dll+0x36fa01]
V  [jvm.dll+0x2fea28]
V  [jvm.dll+0x2ffb25]
V  [jvm.dll+0x7accd7]
V  [jvm.dll+0x7ae49f]
V  [jvm.dll+0x37d299]
V  [jvm.dll+0x78ef9f]
V  [jvm.dll+0x3ec847]
V  [jvm.dll+0x3eed31]
C  [jli.dll+0x52cb]
C  [ucrtbase.dll+0x21bb2]
C  [KERNEL32.DLL+0x17614]
C  [ntdll.dll+0x526a1]


---------------  P R O C E S S  ---------------

Threads class SMR info:
_java_thread_list=0x000002817b0c22f0, length=0, elements={
}

Java Threads: ( => current thread )

Other Threads:
  0x000002817d2a9800 GCTaskThread "GC Thread#0" [stack: 0x000000fbe9c00000,0x000000fbe9d00000] [id=12872]
  0x000002817d2d9000 ConcurrentGCThread "G1 Main Marker" [stack: 0x000000fbe9d00000,0x000000fbe9e00000] [id=5848]
  0x000002817d2da800 ConcurrentGCThread "G1 Conc#0" [stack: 0x000000fbe9e00000,0x000000fbe9f00000] [id=3828]

[error occurred during error reporting (printing all threads), id 0xc0000005, EXCEPTION_ACCESS_VIOLATION (0xc0000005) at pc=0x00007ffb58ebf3e7]

VM state:not at safepoint (not fully initialized)

VM Mutex/Monitor currently owned by a thread:  ([mutex/lock_event])
[0x000002817d28e4d0] Heap_lock - owner thread: 0x000002817d291800

Heap address: 0x0000000082400000, size: 2012 MB, Compressed Oops mode: Non-zero based: 0x0000000082400000
Narrow klass base: 0x0000000000000000, Narrow klass shift: 0

GC Heap History (0 events):
No events

Deoptimization events (0 events):
No events

Classes redefined (0 events):
No events

Internal exceptions (0 events):
No events

Events (1 events):
Event: 0.024 Loaded shared library C:\Program Files\Android\Android Studio\jbr\bin\zip.dll


Dynamic libraries:
0x00007ff775be0000 - 0x00007ff775bea000 	C:\Program Files\Android\Android Studio\jbr\bin\java.exe
0x00007ffb9e950000 - 0x00007ffb9eb48000 	C:\WINDOWS\SYSTEM32\ntdll.dll
0x00007ffb9e680000 - 0x00007ffb9e73f000 	C:\WINDOWS\System32\KERNEL32.DLL
0x00007ffb9c3b0000 - 0x00007ffb9c682000 	C:\WINDOWS\System32\KERNELBASE.dll
0x00007ffb9c040000 - 0x00007ffb9c140000 	C:\WINDOWS\System32\ucrtbase.dll
0x00007ffb92c70000 - 0x00007ffb92c87000 	C:\Program Files\Android\Android Studio\jbr\bin\jli.dll
0x00007ffb97640000 - 0x00007ffb9765b000 	C:\Program Files\Android\Android Studio\jbr\bin\VCRUNTIME140.dll
0x00007ffb9e760000 - 0x00007ffb9e901000 	C:\WINDOWS\System32\USER32.dll
0x00007ffb9c690000 - 0x00007ffb9c6b2000 	C:\WINDOWS\System32\win32u.dll
0x00007ffb9e650000 - 0x00007ffb9e67b000 	C:\WINDOWS\System32\GDI32.dll
0x00007ffb83290000 - 0x00007ffb8352a000 	C:\WINDOWS\WinSxS\amd64_microsoft.windows.common-controls_6595b64144ccf1df_6.0.19041.1110_none_60b5254171f9507e\COMCTL32.dll
0x00007ffb9c760000 - 0x00007ffb9c86f000 	C:\WINDOWS\System32\gdi32full.dll
0x00007ffb9ce80000 - 0x00007ffb9cf1e000 	C:\WINDOWS\System32\msvcrt.dll
0x00007ffb9c6c0000 - 0x00007ffb9c75d000 	C:\WINDOWS\System32\msvcp_win.dll
0x00007ffb9cdb0000 - 0x00007ffb9cde2000 	C:\WINDOWS\System32\IMM32.DLL
0x00007ffb95000000 - 0x00007ffb9500c000 	C:\Program Files\Android\Android Studio\jbr\bin\vcruntime140_1.dll
0x00007ffb848c0000 - 0x00007ffb8494d000 	C:\Program Files\Android\Android Studio\jbr\bin\msvcp140.dll
0x00007ffb58bb0000 - 0x00007ffb5976c000 	C:\Program Files\Android\Android Studio\jbr\bin\server\jvm.dll
0x00007ffb9db80000 - 0x00007ffb9dc2e000 	C:\WINDOWS\System32\ADVAPI32.dll
0x00007ffb9e310000 - 0x00007ffb9e3ac000 	C:\WINDOWS\System32\sechost.dll
0x00007ffb9e1e0000 - 0x00007ffb9e305000 	C:\WINDOWS\System32\RPCRT4.dll
0x00007ffb9cda0000 - 0x00007ffb9cda8000 	C:\WINDOWS\System32\PSAPI.DLL
0x00007ffb8f3b0000 - 0x00007ffb8f3ba000 	C:\WINDOWS\SYSTEM32\VERSION.dll
0x00007ffb86020000 - 0x00007ffb86047000 	C:\WINDOWS\SYSTEM32\WINMM.dll
0x00007ffb83120000 - 0x00007ffb83129000 	C:\WINDOWS\SYSTEM32\WSOCK32.dll
0x00007ffb9e410000 - 0x00007ffb9e47b000 	C:\WINDOWS\System32\WS2_32.dll
0x00007ffb9a880000 - 0x00007ffb9a892000 	C:\WINDOWS\SYSTEM32\kernel.appcore.dll
0x00007ffb975f0000 - 0x00007ffb97600000 	C:\Program Files\Android\Android Studio\jbr\bin\verify.dll
0x00007ffb96960000 - 0x00007ffb96b44000 	C:\WINDOWS\SYSTEM32\DBGHELP.DLL
0x00007ffb83080000 - 0x00007ffb830b5000 	C:\WINDOWS\SYSTEM32\dbgcore.DLL
0x00007ffb9c170000 - 0x00007ffb9c1f2000 	C:\WINDOWS\System32\bcryptPrimitives.dll
0x00007ffb928f0000 - 0x00007ffb92918000 	C:\Program Files\Android\Android Studio\jbr\bin\java.dll
0x00007ffb971e0000 - 0x00007ffb971ea000 	C:\Program Files\Android\Android Studio\jbr\bin\jimage.dll
0x00007ffb95cd0000 - 0x00007ffb95ce8000 	C:\Program Files\Android\Android Studio\jbr\bin\zip.dll

dbghelp: loaded successfully - version: 4.0.5 - missing functions: none
symbol engine: initialized successfully - sym options: 0x614 - pdb path: .;C:\Program Files\Android\Android Studio\jbr\bin;C:\WINDOWS\SYSTEM32;C:\WINDOWS\WinSxS\amd64_microsoft.windows.common-controls_6595b64144ccf1df_6.0.19041.1110_none_60b5254171f9507e;C:\Program Files\Android\Android Studio\jbr\bin\server

VM Arguments:
java_command: org.jetbrains.kotlin.cli.jvm.K2JVMCompiler @C:\src\AndroidStudioProjects\Android_Tutorial_Kotlin\app\build\20230301_15688710517151262727.compiler.options
java_class_path (initial): C:\Users\leeji\.gradle\caches\modules-2\files-2.1\org.jetbrains.kotlin\kotlin-compiler-embeddable\1.8.0\eb9118d4bcceaa2a94b2ae2a33a4ddba7c9a947f\kotlin-compiler-embeddable-1.8.0.jar;C:\Users\leeji\.gradle\caches\modules-2\files-2.1\org.jetbrains.kotlin\kotlin-stdlib\1.8.0\1796921c7a3e2e2665a83e6c8d33399336cd39bc\kotlin-stdlib-1.8.0.jar;C:\Users\leeji\.gradle\caches\modules-2\files-2.1\org.jetbrains.kotlin\kotlin-script-runtime\1.8.0\b2f7e760d283cb339974851c222a4c1d48f2d3d\kotlin-script-runtime-1.8.0.jar;C:\Users\leeji\.gradle\caches\modules-2\files-2.1\org.jetbrains.kotlin\kotlin-reflect\1.6.10\1cbe9c92c12a94eea200d23c2bbaedaf3daf5132\kotlin-reflect-1.6.10.jar;C:\Users\leeji\.gradle\caches\modules-2\files-2.1\org.jetbrains.kotlin\kotlin-daemon-embeddable\1.8.0\d255216c551685dc3a7e852b53617f5f01aaaa5c\kotlin-daemon-embeddable-1.8.0.jar;C:\Users\leeji\.gradle\caches\modules-2\files-2.1\org.jetbrains.intellij.deps\trove4j\1.0.20200330\3afb14d5f9ceb459d724e907a21145e8ff394f02\trove4j-1.0.20200330.jar;C:\Users\leeji\.gradle\caches\modules-2\files-2.1\net.java.dev.jna\jna\5.6.0\330f2244e9030119ab3030fc3fededc86713d9cc\jna-5.6.0.jar;C:\Users\leeji\.gradle\caches\modules-2\files-2.1\org.jetbrains.kotlin\kotlin-stdlib-common\1.8.0\f7197e7cc76453ac59f8b0f8d5137cc600becd36\kotlin-stdlib-common-1.8.0.jar;C:\Users\leeji\.gradle\caches\modules-2\files-2.1\org.jetbrains\annotations\13.0\919f0dfe192fb4e063e7dacadee7f8bb9a2672a9\annotations-13.0.jar
Launcher Type: SUN_STANDARD

[Global flags]
     intx CICompilerCount                          = 4                                         {product} {ergonomic}
     uint ConcGCThreads                            = 2                                         {product} {ergonomic}
     uint G1ConcRefinementThreads                  = 8                                         {product} {ergonomic}
   size_t G1HeapRegionSize                         = 1048576                                   {product} {ergonomic}
    uintx GCDrainStackTargetSize                   = 64                                        {product} {ergonomic}
   size_t InitialHeapSize                          = 132120576                                 {product} {ergonomic}
   size_t MarkStackSize                            = 4194304                                   {product} {ergonomic}
   size_t MaxHeapSize                              = 2109734912                                {product} {ergonomic}
   size_t MinHeapDeltaBytes                        = 1048576                                   {product} {ergonomic}
    uintx NonNMethodCodeHeapSize                   = 5836300                                {pd product} {ergonomic}
    uintx NonProfiledCodeHeapSize                  = 122910970                              {pd product} {ergonomic}
    uintx ProfiledCodeHeapSize                     = 122910970                              {pd product} {ergonomic}
    uintx ReservedCodeCacheSize                    = 251658240                              {pd product} {ergonomic}
     bool SegmentedCodeCache                       = true                                      {product} {ergonomic}
     bool UseCompressedClassPointers               = true                                 {lp64_product} {ergonomic}
     bool UseCompressedOops                        = true                                 {lp64_product} {ergonomic}
     bool UseG1GC                                  = true                                      {product} {ergonomic}
     bool UseLargePagesIndividualAllocation        = false                                  {pd product} {ergonomic}

Logging:
Log output configuration:
 #0: stdout all=warning uptime,level,tags
 #1: stderr all=off uptime,level,tags

Environment Variables:
JAVA_HOME=C:\Program Files\Java\jdk-11.0.13
PATH=C:\Program Files\Common Files\Oracle\Java\javapath;C:\WINDOWS\system32;C:\WINDOWS;C:\WINDOWS\System32\Wbem;C:\WINDOWS\System32\WindowsPowerShell\v1.0\;C:\WINDOWS\System32\OpenSSH\;C:\Users\leeji\AppData\Local\Packages\Microsoft.MicrosoftEdge_8wekyb3d8bbwe\TempState\Downloads\jdk-12.0.2_windows-x64_bin (1).zip\bin;C:\Program Files\Java\jdk-12.0.2\bin;C:\Program Files\Intel\WiFi\bin\;C:\Program Files\Common Files\Intel\WirelessCommon\;C:\Users\leeji\Downloads\flutter_windows_2.8.1-stable\flutter\bin;C:\Users\leeji\flutter_windows_2.8.1-stable\flutter\bin;C:\Users\leeji\flutter;C:\Program Files\Java\jdk-11.0.13\bin\;C:\Program Files\Microsoft SQL Server\130\Tools\Binn\;C:\Program Files\nodejs\;C:\Program Files\Git\cmd;C:\Users\leeji\AppData\Roaming\npm;C:\Users\leeji\AppData\Local\Programs\Microsoft VS Code\bin;C:\src\flutter\bin;
USERNAME=leeji
OS=Windows_NT
PROCESSOR_IDENTIFIER=Intel64 Family 6 Model 142 Stepping 10, GenuineIntel



---------------  S Y S T E M  ---------------

OS: Windows 10 , 64 bit Build 19041 (10.0.19041.2546)
OS uptime: 0 days 11:55 hours
Hyper-V role detected

CPU:total 8 (initial active 8) (4 cores per cpu, 2 threads per core) family 6 model 142 stepping 10 microcode 0xca, cmov, cx8, fxsr, mmx, sse, sse2, sse3, ssse3, sse4.1, sse4.2, popcnt, avx, avx2, aes, clmul, erms, 3dnowpref, lzcnt, ht, tsc, tscinvbit, bmi1, bmi2, adx, fma

Memory: 4k page, system-wide physical 8046M (684M free)
TotalPageFile size 9947M (AvailPageFile size 58M)
current process WorkingSet (physical memory assigned to process): 10M, peak: 10M
current process commit charge ("private bytes"): 60M, peak: 185M

vm_info: OpenJDK 64-Bit Server VM (11.0.15+0-b2043.56-9505619) for windows-amd64 JRE (11.0.15+0-b2043.56-9505619), built on Jan 19 2023 02:48:00 by "builduser" with unknown MS VC++:1929

END.
